C:\WORKING FOLDER\223 MINTO\CLIENT FINAL\223 SH 01 BSMT ASBUILT PLAN.dwg,Model,2/11/2015 11:41:21 AM,archent,Canon MG3500 series Printer,Letter 8.5"x11" 22x28cm,1:153.633,
C:\WORKING FOLDER\223 MINTO\CLIENT FINAL\223 SH 01 BSMT ASBUILT PLAN.dwg,Model,2/11/2015 11:44:38 AM,archent,Canon MG3500 series Printer,Letter 8.5"x11" 22x28cm,1:153.633,
C:\WORKING FOLDER\223 MINTO\CLIENT FINAL\223 SH 01 BSMT ASBUILT PLAN.dwg,Model,2/11/2015 11:46:08 AM,archent,Canon MG3500 series Printer,Letter 8.5"x11" 22x28cm,1:153.633,
C:\WORKING FOLDER\223 MINTO\CLIENT FINAL\223 SH 02 ASBUILT MAIN FLOOR PLAN.dwg,Model,2/11/2015 11:50:42 AM,archent,Canon MG3500 series Printer,Letter 8.5"x11" 22x28cm,1:153.633,
C:\WORKING FOLDER\223 MINTO\CLIENT FINAL\223 SH 3  AS-BUILT  LOFT  FLOOR  PLAN.dwg,Model,2/11/2015 11:58:57 AM,archent,Canon MG3500 series Printer,Letter 8.5"x11" 22x28cm,1:153.633,
C:\WORKING FOLDER\223 MINTO\CLIENT FINAL\223 SH 3  AS-BUILT  LOFT  FLOOR  PLAN.dwg,Model,2/11/2015 12:03:51 PM,archent,Canon MG3500 series Printer,Letter 8.5"x11" 22x28cm,1:153.633,
C:\WORKING FOLDER\223 MINTO\CLIENT FINAL\223 SH 05   MAIN  FLOOR  FRAMING PLAN wolrking.dwg LLOYD.dwg,Model,2/11/2015 2:16:04 PM,archent,Canon MG3500 series Printer,Letter 8.5"x11" 22x28cm,1:76.8166,
C:\WORKING FOLDER\223 MINTO\CLIENT FINAL\223 SH 07 LOWER  LVL  PLUMBING.dwg,Model,2/17/2015 4:26:04 PM,archent,Canon MG3500 series Printer,Letter 8.5"x11" 22x28cm,1:76.771,
C:\WORKING FOLDER\223 MINTO\CLIENT FINAL\223 SH 05   MAIN  FLOOR FINAL  PLAN.dwg,Model,2/26/2015 4:33:20 PM,archent,Canon MG3500 series Printer,Letter 8.5"x11" 22x28cm,1:78.1362,
C:\WORKING FOLDER\223 MINTO\CLIENT FINAL\223 SH 05   MAIN  FLOOR FINAL  PLAN.dwg,Model,2/26/2015 4:39:31 PM,archent,Canon MG3500 series Printer,Letter 8.5"x11" 22x28cm,1:75.6869,
C:\WORKING FOLDER\223 MINTO\CLIENT FINAL\223 SH 05   MAIN  FLOOR FINAL  PLAN.dwg,Model,3/3/2015 2:49:13 PM,archent,Canon MG3500 series Printer,Letter 8.5"x11" 22x28cm,1:77.2587,
C:\DATA\main\223-MINTO\CLIENT-FINAL\223 SH 05 FINAL MAIN LEVEL FLOOR PLAN.dwg,Model,3/7/2015 4:14:49 PM,archent,Canon MG3500 series Printer,Letter 8.5"x11" 22x28cm,1:76.8166,
C:\DATA\main\223-MINTO\CLIENT-FINAL\223 SH 04 FINAL LOWER LEVEL FLOOR PLAN.dwg,Model,3/7/2015 4:15:46 PM,archent,Canon MG3500 series Printer,Letter 8.5"x11" 22x28cm,1:76.8166,
C:\DATA\main\223-MINTO\CLIENT-FINAL\223 SH 06 FINAL LOFT LEVEL FLOOR PLAN.dwg,Model,3/7/2015 4:16:31 PM,archent,Canon MG3500 series Printer,Letter 8.5"x11" 22x28cm,1:76.8166,
C:\DATA\main\223-MINTO\CLIENT-FINAL\223 SH 01 ASBUILT LOWER LEVEL FLOOR PLAN.dwg,Model,3/7/2015 4:23:12 PM,archent,Canon MG3500 series Printer,Letter 8.5"x11" 22x28cm,1:76.8166,
C:\DATA\main\223-MINTO\CLIENT-FINAL\223 SH 02 ASBUILT MAIN LEVEL FLOOR PLAN.dwg,Model,3/7/2015 4:24:13 PM,archent,Canon MG3500 series Printer,Letter 8.5"x11" 22x28cm,1:153.633,
C:\DATA\main\223-MINTO\CLIENT-FINAL\223 SH 03 ASBUILT LOFT LEVEL FLOOR PLAN.dwg,Model,3/7/2015 4:28:13 PM,archent,Canon MG3500 series Printer,Letter 8.5"x11" 22x28cm,1:153.633,
C:\DATA\main\223-MINTO\CLIENT-FINAL\223 SH 03 ASBUILT LOFT LEVEL FLOOR PLAN.dwg,Model,3/9/2015 2:15:13 PM,archent,Canon MG3500 series Printer,Letter 8.5"x11" 22x28cm,1:53.4108,
C:\DATA\main\223-MINTO\CLIENT-FINAL\223 SH 03 ASBUILT LOFT LEVEL FLOOR PLAN.dwg,Model,3/9/2015 2:18:10 PM,archent,Canon MG3500 series Printer,Letter 8.5"x11" 22x28cm,0.25:12,
C:\DATA\main\223-MINTO\CLIENT-FINAL\223 SH 03 ASBUILT LOFT LEVEL FLOOR PLAN.dwg,Model,3/9/2015 2:30:33 PM,archent,Canon MG3500 series Printer,Letter 8.5"x11" 22x28cm,0.25:12,
C:\DATA\main\223-MINTO\CLIENT-FINAL\223 SH 03 ASBUILT LOFT LEVEL FLOOR PLAN.dwg,Model,3/9/2015 2:33:18 PM,archent,Canon MG3500 series Printer,Letter 8.5"x11" 22x28cm,0.25:12,
C:\DATA\main\223-MINTO\CLIENT-FINAL\223 SH 03 ASBUILT LOFT LEVEL FLOOR PLAN.dwg,Model,3/9/2015 2:59:41 PM,archent,Canon MG3500 series Printer,Letter 8.5"x11" 22x28cm,1:76.8166,
C:\DATA\main\223-MINTO\CLIENT-FINAL\223 SH 03 ASBUILT LOFT LEVEL FLOOR PLAN.dwg,Model,3/9/2015 3:58:58 PM,archent,Canon MG3500 series Printer,Letter 8.5"x11" 22x28cm,1:75.5943,
C:\DATA\main\223-MINTO\CLIENT-FINAL\223 SH 03 ASBUILT LOFT LEVEL FLOOR PLAN.dwg,Model,3/9/2015 4:18:35 PM,archent,Canon MG3500 series Printer,Letter 8.5"x11" 22x28cm,0.25:12,
