C:\WORKING FOLDER\234 ULTIMATE  GUEST  HOUSE SH 2 FLOOR PLAN.dwg,Model,6/27/2012 2:58:26 PM,Sean Stevens, Architectural Enterprises, LTD,Epson Stylus Photo 1280 (M).pc3,Tabloid,0.125:12,
C:\WORKING FOLDER\234 ULTIMATE  GUEST  HOUSE SH 2 FLOOR PLAN.dwg,Model,6/27/2012 3:19:58 PM,Sean Stevens, Architectural Enterprises, LTD,HP Designjet 110plus nr (temporary).pc3,Arch C ,0.25:12,
C:\WORKING FOLDER\223 MINTO\223 MINTO ASBUILT BSMT FLOOR PLAN.dwg,Model,6/29/2012 1:46:19 PM,Sean Stevens, Architectural Enterprises, LTD,HP Designjet 110plus nr,Arch B ,0.25:12,
C:\WORKING FOLDER\223 MINTO\ASBUILT LOFT FLOOR PLAN.dwg,Model,6/29/2012 1:51:29 PM,Sean Stevens, Architectural Enterprises, LTD,HP Designjet 110plus nr,Oversize: ANSI B,0.25:12,
C:\WORKING FOLDER\223 MINTO\ASBUILT LOFT FLOOR PLAN.dwg,Model,7/19/2012 2:14:14 PM,Sean Stevens, Architectural Enterprises, LTD,HP Designjet 110plus nr,Arch D ,0.5:12,
C:\WORKING FOLDER\223 MINTO\223 MINTO ASBUILT MAIN FLOOR PLAN.dwg,Model,7/19/2012 2:22:58 PM,Sean Stevens, Architectural Enterprises, LTD,HP Designjet 110plus nr,Arch D ,0.5:12,
C:\WORKING FOLDER\223 MINTO\223 MINTO ASBUILT BSMT FLOOR PLAN.dwg,Model,7/19/2012 6:24:04 PM,Sean Stevens, Architectural Enterprises, LTD,HP Designjet 110plus nr,Arch D ,0.5:12,
C:\WORKING FOLDER\223 MINTO\ASBUILT LOFT FLOOR PLAN.dwg,Model,9/4/2012 1:58:15 PM,Sean Stevens, Architectural Enterprises, LTD,HP Designjet 110plus nr,Oversize: Super C/A2,0.25:12,
C:\WORKING FOLDER\223 MINTO\ASBUILT LOFT FLOOR PLAN.dwg,Model,9/4/2012 2:00:44 PM,Sean Stevens, Architectural Enterprises, LTD,HP Designjet 110plus nr,ANSI D,0.25:12,
C:\WORKING FOLDER\223 MINTO\ASBUILT LOFT FLOOR PLAN.dwg,Model,9/4/2012 2:05:31 PM,Sean Stevens, Architectural Enterprises, LTD,HP Designjet 110plus nr,Oversize: ANSI D,0.25:12,
C:\WORKING FOLDER\223 MINTO\223 MINTO ASBUILT MAIN FLOOR PLAN.dwg,Model,9/4/2012 2:14:59 PM,Sean Stevens, Architectural Enterprises, LTD,HP Designjet 110plus nr,Oversize: ANSI D,1:47.9998,
C:\WORKING FOLDER\223 MINTO\223 MINTO ASBUILT BSMT FLOOR PLAN.dwg,Model,9/4/2012 2:16:57 PM,Sean Stevens, Architectural Enterprises, LTD,HP Designjet 110plus nr,ANSI D,0.25:12,
C:\WORKING FOLDER\223 MINTO\223 MINTO ASBUILT MAIN FLOOR PLAN.dwg,Model,9/7/2012 12:08:41 PM,Sean Stevens, Architectural Enterprises, LTD,HP Designjet 110plus nr,Arch D ,1:12,
C:\WORKING FOLDER\223 MINTO\ASBUILT LOFT FLOOR PLAN.dwg,Model,9/11/2012 10:08:16 AM,Sean Stevens, Architectural Enterprises, LTD,HP Designjet 110plus nr,Arch D ,0.5:12,
C:\WORKING FOLDER\223 MINTO\223 MINTO ASBUILT BSMT FLOOR PLAN.dwg,Model,9/11/2012 10:10:58 AM,Sean Stevens, Architectural Enterprises, LTD,HP Designjet 110plus nr,Arch D ,0.5:12,
C:\WORKING FOLDER\223 MINTO\223 MINTO SH 6  REVISED  LOWER  FLOOR PLAN.dwg,Model,9/25/2012 3:02:42 PM,Sean Stevens, Architectural Enterprises, LTD,HP Designjet 110plus nr (temporary).pc3,ANSI D,0.25:12,
C:\WORKING FOLDER\223 MINTO\223 MINT0  SH 05  REVISED  LOFT FLOOR PLAN.dwg,Model,9/25/2012 3:07:19 PM,Sean Stevens, Architectural Enterprises, LTD,HP Designjet 110plus nr,ANSI D,0.25:12,
C:\WORKING FOLDER\223 MINTO\223 MINT0  SH 05  REVISED  LOFT FLOOR PLAN.dwg,Model,9/25/2012 3:10:12 PM,Sean Stevens, Architectural Enterprises, LTD,HP Designjet 110plus nr,ANSI D,0.25:12,
C:\WORKING FOLDER\223 MINTO\223 MINTO SH4 REVISED MAIN FLOOR PLAN.dwg,Model,9/25/2012 3:12:45 PM,Sean Stevens, Architectural Enterprises, LTD,HP Designjet 110plus nr,ANSI D,1:48.964,
C:\WORKING FOLDER\223 MINTO\223 MINTO SH4 REVISED MAIN FLOOR PLAN.dwg,Model,9/26/2012 11:16:11 AM,Sean Stevens, Architectural Enterprises, LTD,HP Designjet 110plus nr,ANSI D,0.5:12,
C:\WORKING FOLDER\223 MINTO\223 MINTO SH 6  REVISED  LOWER  FLOOR PLAN.dwg,Model,9/26/2012 11:26:17 AM,Sean Stevens, Architectural Enterprises, LTD,HP Designjet 110plus nr,ANSI D,0.5:12,
C:\WORKING FOLDER\223 MINTO\223 MINT0  SH 05  REVISED  LOFT FLOOR PLAN.dwg,Model,9/26/2012 11:33:13 AM,Sean Stevens, Architectural Enterprises, LTD,HP Designjet 110plus nr,ANSI D,0.5:12,
C:\WORKING FOLDER\223 MINTO\SH 5  REVISED  MAIN  FLOOR  PLAN.dwg,Model,10/1/2012 4:54:07 PM,Sean Stevens, Architectural Enterprises, LTD,HP Designjet 110plus nr (temporary).pc3,ANSI D,1:12,
C:\WORKING FOLDER\223 MINTO\SH 2  AS-BUILT  MAIN  FLOOR  PLAN.dwg,Model,10/4/2012 10:44:48 AM,Sean Stevens, Architectural Enterprises, LTD,HP Designjet 110plus nr,ANSI D,0.25:12,
C:\WORKING FOLDER\223 MINTO\SH 3  AS-BUILT  LOFT  FLOOR  PLAN.dwg,Model,10/4/2012 10:53:33 AM,Sean Stevens, Architectural Enterprises, LTD,HP Designjet 110plus nr,ANSI D,0.25:12,
C:\WORKING FOLDER\223 MINTO\SH 3  AS-BUILT  LOFT  FLOOR  PLAN.dwg,Model,10/29/2012 8:55:36 AM,Sean Stevens, Architectural Enterprises, LTD,HP Designjet 110plus nr,ANSI D,0.25:12,
C:\WORKING FOLDER\223 MINTO\SH 2  AS-BUILT  MAIN  FLOOR  PLAN.dwg,Model,10/29/2012 9:01:46 AM,Sean Stevens, Architectural Enterprises, LTD,HP Designjet 110plus nr,ANSI D,0.25:12,
C:\WORKING FOLDER\223 MINTO\SH 6  REVISED  LOFT  FLOOR  PLAN.dwg,Model,11/29/2012 12:09:33 PM,Sean Stevens, Architectural Enterprises, LTD,HP Designjet 110plus nr,Oversize: ANSI D,0.25:12,
C:\WORKING FOLDER\223 MINTO\SH 1  AS-BUILT  LOWER  FLOOR  PLAN.dwg,Model,11/29/2012 12:10:58 PM,Sean Stevens, Architectural Enterprises, LTD,HP Designjet 110plus nr,ANSI D,0.25:12,
C:\WORKING FOLDER\223 MINTO\SH 6  REVISED  LOFT  FLOOR  PLAN.dwg,Model,12/14/2012 11:10:53 AM,Sean Stevens, Architectural Enterprises, LTD,Epson Stylus Photo 1280 (M),Letter,0.25:12,
C:\WORKING FOLDER\223 MINTO\SH 6  REVISED  LOFT  FLOOR  PLAN.dwg,Model,12/14/2012 11:13:50 AM,Sean Stevens, Architectural Enterprises, LTD,Epson Stylus Photo 1280 (M),Letter,0.25:12,
C:\WORKING FOLDER\223 MINTO\SH 6  REVISED  LOFT  FLOOR  PLAN.dwg,Model,12/14/2012 11:27:38 AM,Sean Stevens, Architectural Enterprises, LTD,Epson Stylus Photo 1280 (M),Letter,0.25:12,
C:\WORKING FOLDER\223 MINTO\SH 1  AS-BUILT  LOWER  FLOOR  PLAN.dwg,Model,1/8/2013 4:54:49 PM,Sean Stevens, Architectural Enterprises, LTD,HP Designjet 110plus nr,ANSI B,0.125:12,
C:\WORKING FOLDER\223 MINTO\SH 1  AS-BUILT  LOWER  FLOOR  PLAN.dwg,Model,1/8/2013 5:00:15 PM,Sean Stevens, Architectural Enterprises, LTD,Epson Stylus Photo 1280 (M) (temporary).pc3,Tabloid,0.125:12,
C:\WORKING FOLDER\223 MINTO\SH 2  AS-BUILT  MAIN  FLOOR  PLAN.dwg,Model,1/8/2013 5:02:32 PM,Sean Stevens, Architectural Enterprises, LTD,Epson Stylus Photo 1280 (M) (temporary).pc3,Tabloid,0.125:12,
C:\WORKING FOLDER\223 MINTO\SH 5  REVISED  MAIN  FLOOR  PLAN.dwg,Model,1/8/2013 7:57:55 PM,Sean Stevens, Architectural Enterprises, LTD,HP Designjet 110plus nr,ANSI D,0.5:12,
C:\WORKING FOLDER\223 MINTO\SH 5  REVISED  MAIN  FLOOR  PLAN.dwg,Model,1/8/2013 8:00:05 PM,Sean Stevens, Architectural Enterprises, LTD,HP Designjet 110plus nr,ANSI D,0.5:12,
C:\WORKING FOLDER\223 MINTO\SH 5  REVISED  MAIN  FLOOR  PLAN.dwg,Model,1/8/2013 8:06:38 PM,Sean Stevens, Architectural Enterprises, LTD,HP Designjet 110plus nr,ANSI D,1:25.808,
C:\WORKING FOLDER\223 MINTO\SH 4  REVISED  LOWER  FLOOR  PLAN.dwg,Model,1/9/2013 8:55:23 AM,Sean Stevens, Architectural Enterprises, LTD,HP Designjet 110plus nr,ANSI D,0.5:12,
C:\WORKING FOLDER\223 MINTO\SH 4  REVISED  LOWER  FLOOR  PLAN.dwg,Model,1/9/2013 8:58:10 AM,Sean Stevens, Architectural Enterprises, LTD,HP Designjet 110plus nr,ANSI D,0.5:12,
C:\WORKING FOLDER\223 MINTO\SH 5  REVISED  MAIN  FLOOR  PLAN.dwg,Model,1/9/2013 9:03:44 AM,Sean Stevens, Architectural Enterprises, LTD,HP Designjet 110plus nr,ANSI D,0.5:12,
C:\WORKING FOLDER\223 MINTO\SH 5  REVISED  MAIN  FLOOR  PLAN.dwg,Model,1/9/2013 9:16:29 AM,Sean Stevens, Architectural Enterprises, LTD,HP Designjet 110plus nr,ANSI D,0.5:12,
C:\WORKING FOLDER\223 MINTO\SH 6  REVISED  LOFT  FLOOR  PLAN.dwg,Model,1/9/2013 9:51:49 AM,Sean Stevens, Architectural Enterprises, LTD,HP Designjet 110plus nr,ANSI D,0.5:12,
C:\WORKING FOLDER\223 MINTO\SH 6  REVISED  LOFT  FLOOR  PLAN.dwg,Model,1/9/2013 10:25:53 AM,Sean Stevens, Architectural Enterprises, LTD,HP Designjet 110plus nr,ANSI D,0.5:12,
C:\WORKING FOLDER\223 MINTO\SH 6  REVISED  LOFT  FLOOR  PLAN.dwg,Model,1/9/2013 10:30:12 AM,Sean Stevens, Architectural Enterprises, LTD,HP Designjet 110plus nr,ANSI D,0.5:12,
C:\WORKING FOLDER\223 MINTO\SH 5  PRELIMINARY  MAIN  FLOOR  PLAN.dwg,Model,2/4/2013 3:49:28 PM,Sean Stevens, Architectural Enterprises, LTD,Epson Stylus Photo 1280 (M),Letter,0.25:12,
C:\WORKING FOLDER\223 MINTO\SH 5  PRELIMINARY  MAIN  FLOOR  PLAN.dwg,Model,2/6/2013 5:10:33 PM,Sean Stevens, Architectural Enterprises, LTD,Epson Stylus Photo 1280 (M),Letter,1:34.6728,
C:\WORKING FOLDER\223 MINTO\SH 5  PRELIMINARY  MAIN  FLOOR  PLAN.dwg,Model,2/7/2013 10:36:14 AM,Sean Stevens, Architectural Enterprises, LTD,Epson Stylus Photo 1280 (M),Letter,1:43.189,
C:\WORKING FOLDER\223 MINTO\SH 5  PRELIMINARY  MAIN  FLOOR  PLAN.dwg,Model,3/6/2013 1:03:01 PM,Sean Stevens, Architectural Enterprises, LTD,Epson Stylus Photo 1280 (M),Tabloid,0.25:12,
C:\WORKING FOLDER\223 MINTO\SH 5  PRELIMINARY  MAIN  FLOOR  PLAN.dwg,Model,3/6/2013 2:17:59 PM,Sean Stevens, Architectural Enterprises, LTD,Epson Stylus Photo 1280 (M),Tabloid,0.25:12,
C:\WORKING FOLDER\223 MINTO\SH 3  PRELIMINARY  LOFT  FLOOR  PLAN.dwg,Model,3/6/2013 3:45:44 PM,Sean Stevens, Architectural Enterprises, LTD,Epson Stylus Photo 1280 (M)a.pc3,Tabloid,0.25:12,
C:\WORKING FOLDER\223 MINTO\SH 3  PRELIMINARY  LOFT  FLOOR  PLAN.dwg,Model,3/7/2013 11:25:38 AM,Sean Stevens, Architectural Enterprises, LTD,Epson Stylus Photo 1280 (M),Tabloid,0.25:12,
C:\WORKING FOLDER\223 MINTO\SH 3  PRELIMINARY  LOFT  FLOOR  PLAN.dwg,Model,3/7/2013 11:58:21 AM,Sean Stevens, Architectural Enterprises, LTD,Epson Stylus Photo 1280 (M),Tabloid,0.25:12,
C:\WORKING FOLDER\223 MINTO\SH 4  PRELIMINARY  LOWER  FLOOR  PLAN.dwg,Model,3/7/2013 2:25:13 PM,Sean Stevens, Architectural Enterprises, LTD,HP Designjet 110plus nr,ANSI D,0.5:12,
C:\WORKING FOLDER\223 MINTO\SH 5  PRELIMINARY  MAIN  FLOOR  PLAN.dwg,Model,3/7/2013 2:29:29 PM,Sean Stevens, Architectural Enterprises, LTD,HP Designjet 110plus nr,ANSI D,0.5:12,
C:\WORKING FOLDER\223 MINTO\SH 3  PRELIMINARY  LOFT  FLOOR  PLAN.dwg,Model,3/7/2013 2:46:01 PM,Sean Stevens, Architectural Enterprises, LTD,HP Designjet 110plus nr,ANSI D,0.5:12,
C:\WORKING FOLDER\223 MINTO\SH 5  PRELIMINARY  MAIN  FLOOR  PLAN.dwg,Model,3/7/2013 3:47:48 PM,Sean Stevens, Architectural Enterprises, LTD,HP Designjet 110plus nr,ANSI D,0.5:12,
C:\WORKING FOLDER\223 MINTO\SH 5  PRELIMINARY  MAIN  FLOOR  PLAN.dwg,Model,3/21/2013 11:25:11 AM,Sean Stevens, Architectural Enterprises, LTD,Epson Stylus Photo 1280 (M),Letter,1:76.9414,
C:\WORKING FOLDER\223 MINTO\SH 5  PRELIMINARY  MAIN  FLOOR  PLAN.dwg,Model,3/21/2013 11:38:35 AM,Sean Stevens, Architectural Enterprises, LTD,Epson Stylus Photo 1280 (M),Letter,1:60.2164,
C:\WORKING FOLDER\223 MINTO\SH 5  PRELIMINARY  MAIN  FLOOR  PLAN.dwg,Model,3/21/2013 12:13:53 PM,Sean Stevens, Architectural Enterprises, LTD,Epson Stylus Photo 1280 (M) (temporary).pc3,Letter,1:60.5045,
C:\WORKING FOLDER\223 MINTO\SH 3  PRELIMINARY  LOFT  FLOOR  PLAN.dwg,Model,3/22/2013 9:20:42 AM,Sean Stevens, Architectural Enterprises, LTD,Epson Stylus Photo 1280 (M),Tabloid,0.25:12,
C:\WORKING FOLDER\223 MINTO\SH 5  PRELIMINARY  MAIN  FLOOR  PLAN.dwg,Model,3/22/2013 9:59:57 AM,Sean Stevens, Architectural Enterprises, LTD,Epson Stylus Photo 1280 (M),Tabloid,0.25:12,
C:\WORKING FOLDER\224 HILL HOUSE\224 HILL HOUSE PRESENTATION.dwg,Model,4/6/2013 12:08:10 PM,Sean Stevens, Architectural Enterprises, LTD,HP Designjet 110plus nr,ISO A4 ,0.25:12,
C:\WORKING FOLDER\224 HILL HOUSE\224 HILL HOUSE PRESENTATION.dwg,Model,4/6/2013 12:10:26 PM,Sean Stevens, Architectural Enterprises, LTD,HP Designjet 110plus nr,ANSI D,0.25:12,
C:\WORKING FOLDER\224 HILL HOUSE\224 HILL HOUSE PRESENTATION.dwg,Model,4/6/2013 6:17:51 PM,Sean Stevens, Architectural Enterprises, LTD,HP Designjet 110plus nr,ANSI D,0.25:12,
C:\WORKING FOLDER\224 HILL HOUSE\224 HILL HOUSE PRESENTATION.dwg,Model,4/6/2013 6:19:59 PM,Sean Stevens, Architectural Enterprises, LTD,HP Designjet 110plus nr,ANSI D,0.25:12,
C:\WORKING FOLDER\223 MINTO\SH 2   MAIN  FLOOR  FRAMING PLAN wolrking.dwg,Model,4/17/2013 2:50:06 PM,Sean Stevens, Architectural Enterprises, LTD,HP Designjet 110plus nr,ANSI D,0.5:12,
C:\WORKING FOLDER\223 MINTO\SH 2   MAIN  FLOOR  FRAMING PLAN wolrking.dwg,Model,4/17/2013 3:00:22 PM,Sean Stevens, Architectural Enterprises, LTD,HP Designjet 110plus nr,ANSI D,0.5:12,
C:\WORKING FOLDER\223 MINTO\SH 1   LOFT  FLOOR  PLAN working.dwg,Model,4/17/2013 3:03:25 PM,Sean Stevens, Architectural Enterprises, LTD,HP Designjet 110plus nr,ANSI D,0.5:12,
C:\WORKING FOLDER\223 MINTO\SH 3  LOWER  FLOOR  CEILING  PLAN.working dwg.dwg,Model,4/17/2013 6:47:15 PM,Sean Stevens, Architectural Enterprises, LTD,HP Designjet 110plus nr,ANSI D,0.5:12,
C:\WORKING FOLDER\223 MINTO\SH 3  LOWER  FLOOR  CEILING  PLAN.working dwg.dwg,Model,4/20/2013 1:29:17 PM,Sean Stevens, Architectural Enterprises, LTD,HP Designjet 110plus nr,ANSI D,0.5:12,
C:\WORKING FOLDER\223 MINTO\SH 2   MAIN  FLOOR  FRAMING PLAN wolrking.dwg,Model,4/20/2013 1:31:29 PM,Sean Stevens, Architectural Enterprises, LTD,HP Designjet 110plus nr,ANSI D,0.5:12,
C:\WORKING FOLDER\223 MINTO\SH 1   LOFT  FLOOR  PLAN working.dwg,Model,4/20/2013 1:34:30 PM,Sean Stevens, Architectural Enterprises, LTD,HP Designjet 110plus nr,ANSI D,0.5:12,
C:\WORKING FOLDER\223 MINTO\SH 3  LOWER  FLOOR  CEILING  PLAN.working dwg.dwg,Model,4/20/2013 2:11:07 PM,Sean Stevens, Architectural Enterprises, LTD,HP Designjet 110plus nr,ANSI D,0.5:12,
C:\WORKING FOLDER\223 MINTO\SH 1   LOFT  FLOOR  PLAN working.dwg,Model,4/23/2013 10:06:15 AM,Sean Stevens, Architectural Enterprises, LTD,HP Designjet 110plus nr,Oversize: ANSI D,0.5:12,
C:\WORKING FOLDER\223 MINTO\SH 3  LOWER  FLOOR  CEILING  PLAN.working dwg LLOYD.dwg,Model,4/23/2013 10:37:41 AM,Sean Stevens, Architectural Enterprises, LTD,HP Designjet 110plus nr,ANSI D,0.5:12,
C:\WORKING FOLDER\223 MINTO\SH 2   MAIN  FLOOR  FRAMING PLAN wolrking.dwg LLOYD.dwg,Model,4/23/2013 10:50:39 AM,Sean Stevens, Architectural Enterprises, LTD,HP Designjet 110plus nr,ANSI D,0.5:12,
C:\WORKING FOLDER\223 MINTO\SH 2   MAIN  FLOOR  FRAMING PLAN wolrking.dwg LLOYD.dwg,Model,4/23/2013 11:57:32 AM,Sean Stevens, Architectural Enterprises, LTD,HP Designjet 110plus nr,ANSI D,0.5:12,
C:\WORKING FOLDER\223 MINTO\SH 1   LOFT  FLOOR  PLAN working.dwg LLOYD.dwg,Model,4/23/2013 12:10:46 PM,Sean Stevens, Architectural Enterprises, LTD,HP Designjet 110plus nr,ANSI D,0.5:12,
C:\WORKING FOLDER\223 MINTO\SH 3  PRELIMINARY  LOFT  FLOOR  PLAN.dwg,Model,4/24/2013 10:57:31 PM,Sean Stevens, Architectural Enterprises, LTD,HP Designjet 110plus nr,Arch B ,0.25:12,
C:\WORKING FOLDER\223 MINTO\SH 5  PRELIMINARY  MAIN  FLOOR  PLAN.dwg,Model,4/24/2013 11:03:48 PM,Sean Stevens, Architectural Enterprises, LTD,HP Designjet 110plus nr,ANSI D,0.5:12,
C:\WORKING FOLDER\223 MINTO\SH 3  LOWER  FLOOR  CEILING  PLAN.working dwg LLOYD.dwg,Model,4/24/2013 11:13:48 PM,Sean Stevens, Architectural Enterprises, LTD,HP Designjet 110plus nr,ANSI B,1:49.9684,
C:\WORKING FOLDER\223 MINTO\SH 4  PRELIMINARY  LOWER  FLOOR  PLAN.dwg,Model,4/24/2013 11:21:51 PM,Sean Stevens, Architectural Enterprises, LTD,HP Designjet 110plus nr,ANSI D,1:24.482,
C:\WORKING FOLDER\223 MINTO\SH 3  PRELIMINARY  LOFT  FLOOR  PLAN.dwg,Model,4/24/2013 11:28:27 PM,Sean Stevens, Architectural Enterprises, LTD,HP Designjet 110plus nr,ANSI D,0.5:12,
C:\WORKING FOLDER\223 MINTO\SH 3  PRELIMINARY  LOFT  FLOOR  PLAN.dwg,Model,4/25/2013 12:28:12 AM,Sean Stevens, Architectural Enterprises, LTD,HP Designjet 110plus nr,Oversize: ANSI D,0.5:12,
C:\WORKING FOLDER\223 MINTO\SH 4  PRELIMINARY  LOWER  FLOOR  PLAN.dwg,Model,4/26/2013 9:53:44 AM,Sean Stevens, Architectural Enterprises, LTD,HP Designjet 110plus nr,ANSI D,0.5:12,
C:\WORKING FOLDER\223 MINTO\SH 3  LOWER  FLOOR  CEILING  PLAN.working dwg LLOYD.dwg,Model,4/26/2013 10:43:12 AM,Sean Stevens, Architectural Enterprises, LTD,HP Designjet 110plus nr,ANSI D,0.5:12,
C:\WORKING FOLDER\223 MINTO\SH 1   LOFT  FLOOR  PLAN working.dwg LLOYD.dwg,Model,4/28/2013 12:26:32 PM,Sean Stevens, Architectural Enterprises, LTD,Epson Stylus Photo 1280 (M),Legal,0.25:12,
C:\WORKING FOLDER\223 MINTO\SH 1   LOFT  FLOOR  PLAN working.dwg LLOYD.dwg,Model,4/28/2013 12:33:51 PM,Sean Stevens, Architectural Enterprises, LTD,Epson Stylus Photo 1280 (M),Tabloid,0.25:12,
C:\WORKING FOLDER\223 MINTO\SH 4  PRELIMINARY  LOWER  FLOOR  PLAN.dwg,Model,4/28/2013 12:38:21 PM,Sean Stevens, Architectural Enterprises, LTD,Epson Stylus Photo 1280 (M),Tabloid,0.25:12,
C:\WORKING FOLDER\223 MINTO\SH 5  PRELIMINARY  MAIN  FLOOR  PLAN.dwg,Model,4/28/2013 12:39:56 PM,Sean Stevens, Architectural Enterprises, LTD,Epson Stylus Photo 1280 (M),Tabloid,0.25:12,
C:\WORKING FOLDER\223 MINTO\SH 5  PRELIMINARY  MAIN  FLOOR  PLAN.dwg,Model,4/28/2013 7:29:46 PM,Sean Stevens, Architectural Enterprises, LTD,HP Designjet 110plus nr,Arch D ,1:23.0961,
C:\WORKING FOLDER\223 MINTO\SH 5  PRELIMINARY  MAIN  FLOOR  PLAN.dwg,Model,4/28/2013 7:34:09 PM,Sean Stevens, Architectural Enterprises, LTD,HP Designjet 110plus nr,Arch D ,1:23.0961,
C:\WORKING FOLDER\223 MINTO\SH 4  PRELIMINARY  LOWER  FLOOR  PLAN.dwg,Model,4/28/2013 7:46:01 PM,Sean Stevens, Architectural Enterprises, LTD,HP Designjet 110plus nr,Arch D ,1:23.0961,
C:\WORKING FOLDER\223 MINTO\SH 4  PRELIMINARY  LOWER  FLOOR  PLAN.dwg,Model,4/28/2013 7:48:45 PM,Sean Stevens, Architectural Enterprises, LTD,HP Designjet 110plus nr,Arch D ,1:23.0961,
C:\WORKING FOLDER\223 MINTO\SH 4  PRELIMINARY  LOWER  FLOOR  PLAN.dwg,Model,4/28/2013 7:52:34 PM,Sean Stevens, Architectural Enterprises, LTD,HP Designjet 110plus nr,Arch D ,1:23.0961,
C:\WORKING FOLDER\223 MINTO\SH 2   MAIN  FLOOR  FRAMING PLAN wolrking.dwg LLOYD.dwg,Model,4/29/2013 8:21:35 AM,Sean Stevens, Architectural Enterprises, LTD,HP Designjet 110plus nr,ANSI D,0.5:12,
C:\WORKING FOLDER\223 MINTO\SH 2   MAIN  FLOOR  FRAMING PLAN wolrking.dwg LLOYD.dwg,Model,4/29/2013 8:41:31 AM,Sean Stevens, Architectural Enterprises, LTD,HP Designjet 110plus nr,ANSI D,0.5:12,
C:\WORKING FOLDER\223 MINTO\SH 1   LOFT  FLOOR  PLAN working.dwg LLOYD.dwg,Model,4/29/2013 8:50:39 AM,Sean Stevens, Architectural Enterprises, LTD,HP Designjet 110plus nr,Oversize: ANSI D,0.5:12,
C:\WORKING FOLDER\223 MINTO\SH 5  PRELIMINARY  MAIN  FLOOR  PLAN.dwg,11x17,4/30/2013 1:06:00 PM,Sean Stevens, Architectural Enterprises, LTD,EPSON WF-7520 Series,US B (11 x 17 in),1:1,
C:\WORKING FOLDER\223 MINTO\SH 5  PRELIMINARY  MAIN  FLOOR  PLAN.dwg,11x17,4/30/2013 1:08:45 PM,Sean Stevens, Architectural Enterprises, LTD,EPSON WF-7520 Series,US B (11 x 17 in),1:1,
C:\WORKING FOLDER\223 MINTO\SH 5  PRELIMINARY  MAIN  FLOOR  PLAN.dwg,Model,4/30/2013 1:13:24 PM,Sean Stevens, Architectural Enterprises, LTD,HP Designjet 110plus nr,ANSI B,1:49.9684,
C:\WORKING FOLDER\223 MINTO\SH 5  PRELIMINARY  MAIN  FLOOR  PLAN.dwg,Model,4/30/2013 1:15:22 PM,Sean Stevens, Architectural Enterprises, LTD,EPSON WF-7520 Series,US B (11 x 17 in),1:49.3264,
C:\WORKING FOLDER\223 MINTO\SH 3  PRELIMINARY  LOFT  FLOOR  PLAN.dwg,Model,5/9/2013 3:21:16 PM,Sean Stevens, Architectural Enterprises, LTD,EPSON WF-7520 Series,Letter (8 1/2 x 11 in),0.25:12,
C:\WORKING FOLDER\223 MINTO\SH 3  PRELIMINARY  LOFT  FLOOR  PLAN.dwg,Model,5/9/2013 4:16:25 PM,Sean Stevens, Architectural Enterprises, LTD,EPSON WF-7520 Series,Letter (8 1/2 x 11 in),0.25:12,
C:\WORKING FOLDER\223 MINTO\SH 3  PRELIMINARY  LOFT  FLOOR  HVAC PLAN.dwg,Model,5/10/2013 10:20:38 AM,Sean Stevens, Architectural Enterprises, LTD,EPSON WF-7520 Series,Letter (8 1/2 x 11 in),1:76.9854,
C:\WORKING FOLDER\223 MINTO\SH 1   LOFT  FLOOR  PLAN working.dwg LLOYD.dwg,Model,5/10/2013 10:32:01 AM,Sean Stevens, Architectural Enterprises, LTD,EPSON WF-7520 Series,Letter (8 1/2 x 11 in),1:76.772,
C:\WORKING FOLDER\223 MINTO\SH 2   MAIN  FLOOR  FRAMING PLAN wolrking.dwg LLOYD.dwg,Model,5/10/2013 10:38:42 AM,Sean Stevens, Architectural Enterprises, LTD,EPSON WF-7520 Series,Letter (8 1/2 x 11 in),1:76.8017,
C:\WORKING FOLDER\223 MINTO\SH 3  LOWER  FLOOR  CEILING  PLAN.working dwg LLOYD mod.dwg,Model,5/10/2013 11:01:51 AM,Sean Stevens, Architectural Enterprises, LTD,EPSON WF-7520 Series,Letter (8 1/2 x 11 in),1:76.8532,
C:\WORKING FOLDER\223 MINTO\SH 3  LOWER  FLOOR  HVAC PLAN.dwg,Model,5/10/2013 2:12:32 PM,Sean Stevens, Architectural Enterprises, LTD,EPSON WF-7520 Series,Letter (8 1/2 x 11 in),1:77.0968,
C:\WORKING FOLDER\223 MINTO\SH 3  LOWER  FLOOR  HVAC PLAN.dwg,Model,5/10/2013 2:15:17 PM,Sean Stevens, Architectural Enterprises, LTD,EPSON WF-7520 Series,Letter (8 1/2 x 11 in),1:76.7231,
C:\WORKING FOLDER\223 MINTO\SH 2  MAIN FLOOR  HVAC.dwg,Model,5/10/2013 2:18:58 PM,Sean Stevens, Architectural Enterprises, LTD,EPSON WF-7520 Series,Letter (8 1/2 x 11 in),1:77.2909,
C:\WORKING FOLDER\223 MINTO\SH 1   LOFT  FLOOR  HVAC HVAC.dwg,Model,5/10/2013 2:22:25 PM,Sean Stevens, Architectural Enterprises, LTD,EPSON WF-7520 Series,Letter (8 1/2 x 11 in),1:76.772,
C:\WORKING FOLDER\223 MINTO\SH 1   LOFT  FLOOR  HVAC PLAN.dwg,Model,5/11/2013 9:54:49 AM,Sean Stevens, Architectural Enterprises, LTD,EPSON WF-7520 Series,Letter (8 1/2 x 11 in),1:77.1999,
C:\WORKING FOLDER\223 MINTO\SH 5  PRELIMINARY  MAIN  FLOOR  PLAN.dwg,Model,5/11/2013 11:18:54 AM,Sean Stevens, Architectural Enterprises, LTD,EPSON WF-7520 Series,Letter (8 1/2 x 11 in),1:76.9075,
C:\WORKING FOLDER\223 MINTO\SH 5  FNL MAIN  FLOOR  HVAC.dwg,Model,5/11/2013 11:33:11 AM,Sean Stevens, Architectural Enterprises, LTD,EPSON WF-7520 Series,Letter (8 1/2 x 11 in),1:76.8868,
C:\WORKING FOLDER\223 MINTO\SH 5  FNL MAIN  FLOOR  HVAC.dwg,Model,5/11/2013 11:53:19 AM,Sean Stevens, Architectural Enterprises, LTD,EPSON WF-7520 Series,Letter (8 1/2 x 11 in),1:76.8349,
C:\WORKING FOLDER\223 MINTO\SH 3  LOWER  FLOOR  FNL HVAC PLAN.dwg,Model,5/11/2013 1:25:05 PM,Sean Stevens, Architectural Enterprises, LTD,EPSON WF-7520 Series,Letter (8 1/2 x 11 in),1:76.9861,
C:\WORKING FOLDER\223 MINTO\SH 3  LOWER  FLOOR  FNL HVAC PLAN.dwg,Model,5/11/2013 1:56:10 PM,Sean Stevens, Architectural Enterprises, LTD,EPSON WF-7520 Series,Letter (8 1/2 x 11 in),1:76.7976,
C:\WORKING FOLDER\223 MINTO\SH 3  LOWER  FLOOR  HVAC PLAN.dwg,Model,5/11/2013 2:07:23 PM,Sean Stevens, Architectural Enterprises, LTD,EPSON WF-7520 Series,Letter (8 1/2 x 11 in),1:77.2756,
C:\WORKING FOLDER\223 MINTO\SH 3  LOWER  FLOOR  HVAC PLAN.dwg,Model,5/11/2013 2:09:43 PM,Sean Stevens, Architectural Enterprises, LTD,EPSON WF-7520 Series,Letter (8 1/2 x 11 in),1:76.9075,
C:\WORKING FOLDER\223 MINTO\SH 2  FNL MAIN  FLOOR  HVAC.dwg,Model,5/11/2013 2:25:13 PM,Sean Stevens, Architectural Enterprises, LTD,EPSON WF-7520 Series,Letter (8 1/2 x 11 in),1:76.9207,
C:\WORKING FOLDER\223 MINTO\SH 3  LOWER  FLOOR  FNL HVAC PLAN.dwg,Model,5/11/2013 3:31:32 PM,Sean Stevens, Architectural Enterprises, LTD,EPSON WF-7520 Series,Letter (8 1/2 x 11 in),1:77.7338,
C:\WORKING FOLDER\223 MINTO\SH 2   MAIN  FLOOR  FRAMING PLAN wolrking.dwg LLOYD.dwg,Model,5/23/2013 9:45:37 AM,Sean Stevens, Architectural Enterprises, LTD,EPSON WF-7520 Series,Letter (8 1/2 x 11 in),0.5:12,
C:\WORKING FOLDER\223 MINTO\SH 3  LOWER  FLOOR  CEILING  PLAN.working dwg.dwg,Model,5/23/2013 9:48:20 AM,Sean Stevens, Architectural Enterprises, LTD,EPSON WF-7520 Series,Letter (8 1/2 x 11 in),0.5:12,
C:\WORKING FOLDER\223 MINTO\SH 3  LOWER  FLOOR  CEILING  PLAN.working dwg.dwg,Model,5/23/2013 9:51:40 AM,Sean Stevens, Architectural Enterprises, LTD,EPSON WF-7520 Series,Letter (8 1/2 x 11 in),0.5:12,
C:\WORKING FOLDER\223 MINTO\SH 1   LOFT  FLOOR  PLAN working.dwg,Model,5/23/2013 9:57:08 AM,Sean Stevens, Architectural Enterprises, LTD,EPSON WF-7520 Series,Letter (8 1/2 x 11 in),0.5:12,
C:\WORKING FOLDER\224 HILL HOUSE\224 HILL  HOUSE SH 2 FLOOR PLAN revised 2.dwg,Model,5/27/2013 4:29:25 PM,Sean Stevens, Architectural Enterprises, LTD,HP Designjet 110plus nr,ANSI D,0.25:12,
C:\WORKING FOLDER\223 MINTO\SH 3  LOWER  FLOOR  CEILING  PLAN.working dwg LLOYD.dwg,Model,5/28/2013 10:56:03 AM,Sean Stevens, Architectural Enterprises, LTD,HP Designjet 110plus nr,ANSI D,0.5:12,
C:\WORKING FOLDER\223 MINTO\SH 2   MAIN  FLOOR  FRAMING PLAN wolrking.dwg LLOYD.dwg,Model,5/28/2013 11:10:39 AM,Sean Stevens, Architectural Enterprises, LTD,HP Designjet 110plus nr,ANSI D,0.5:12,
C:\WORKING FOLDER\219 BAYVIEW\235 BAYVIEW EAGLES NEST.dwg,Model,5/29/2013 12:15:48 PM,Sean Stevens, Architectural Enterprises, LTD,EPSON WF-7520 Series,US B (11 x 17 in),0.125:12,
C:\WORKING FOLDER\233 SEVEN PINES SLAB\SH 12 MAIN FL ELECTRICAL PLAN.dwg,Model,6/6/2013 11:03:36 AM,Sean Stevens, Architectural Enterprises, LTD,EPSON WF-7520 Series,Letter (8 1/2 x 11 in),1:47.7368,
C:\WORKING FOLDER\235 EAGLESNEST\NEW\SH 05 MAIN FLOOR PLAN.dwg,11x17,6/13/2013 12:44:14 PM,Sean Stevens, Architectural Enterprises, LTD,EPSON WF-7520 Series,US B (11 x 17 in),1:1,
C:\WORKING FOLDER\223 MINTO\SH 3  LOWER  FLOOR  CEILING  PLAN.working dwg LLOYD mod.dwg,Model,6/15/2013 12:26:59 PM,Sean Stevens, Architectural Enterprises, LTD,EPSON WF-7520 Series,Letter (8 1/2 x 11 in),1:30.5473,
C:\WORKING FOLDER\223 MINTO\SH 2   MAIN  FLOOR  FRAMING PLAN wolrking.dwg LLOYD.dwg,Model,6/15/2013 12:32:20 PM,Sean Stevens, Architectural Enterprises, LTD,EPSON WF-7520 Series,Letter (8 1/2 x 11 in),1:29.7234,
C:\WORKING FOLDER\223 MINTO\SH 2  FNL MAIN  FLOOR  PLAN.dwg,Model,6/15/2013 12:42:03 PM,Sean Stevens, Architectural Enterprises, LTD,EPSON WF-7520 Series,Letter (8 1/2 x 11 in),1:29.4023,
C:\WORKING FOLDER\223 MINTO\SH 2   MAIN  FLOOR  FRAMING PLAN wolrking.dwg LLOYD.dwg,Model,6/15/2013 12:45:38 PM,Sean Stevens, Architectural Enterprises, LTD,EPSON WF-7520 Series (temporary).pc3,Letter (8 1/2 x 11 in),1:21.576,
C:\WORKING FOLDER\223 MINTO\SH 3  LOWER  FLOOR  CEILING  PLAN.working dwg LLOYD.dwg,Model,6/17/2013 3:37:41 PM,Sean Stevens, Architectural Enterprises, LTD,EPSON WF-7520 Series,US B (11 x 17 in),1:49.0492,
C:\WORKING FOLDER\223 MINTO\SH 1  AS-BUILT  LOWER  FLOOR  PLAN.dwg,Model,6/19/2013 10:38:42 AM,Sean Stevens, Architectural Enterprises, LTD,EPSON WF-7520 Series,Letter (8 1/2 x 11 in),1:66.3921,
C:\WORKING FOLDER\223 MINTO\SH 2  AS-BUILT  MAIN  FLOOR  PLAN.dwg,Model,6/19/2013 10:40:34 AM,Sean Stevens, Architectural Enterprises, LTD,EPSON WF-7520 Series,Letter (8 1/2 x 11 in),1:65.2775,
C:\WORKING FOLDER\223 MINTO\SH 3  AS-BUILT  LOFT  FLOOR  PLAN.dwg,Model,6/19/2013 10:44:24 AM,Sean Stevens, Architectural Enterprises, LTD,EPSON WF-7520 Series,Letter (8 1/2 x 11 in),0.25:12,
C:\WORKING FOLDER\223 MINTO\SH 3  LOWER  FLOOR  CEILING  PLAN.working dwg LLOYD mod.dwg,Model,6/20/2013 1:33:03 PM,Sean Stevens, Architectural Enterprises, LTD,EPSON WF-7520 Series,Letter (8 1/2 x 11 in),0.5:12,
C:\WORKING FOLDER\223 MINTO\SH 3  LOWER  FLOOR  CEILING  PLAN.working dwg LLOYD mod.dwg,Model,6/20/2013 1:40:35 PM,Sean Stevens, Architectural Enterprises, LTD,EPSON WF-7520 Series,Letter (8 1/2 x 11 in),0.375:12,
C:\WORKING FOLDER\223 MINTO\SH 3  LOWER  FLOOR  CEILING  PLAN.working dwg LLOYD mod.dwg,Model,6/20/2013 1:52:08 PM,Sean Stevens, Architectural Enterprises, LTD,EPSON WF-7520 Series,Letter (8 1/2 x 11 in),0.25:12,
C:\WORKING FOLDER\223 MINTO\SH 3  LOWER  FLOOR  CEILING  PLAN.working dwg LLOYD mod.dwg,Model,6/20/2013 1:56:32 PM,Sean Stevens, Architectural Enterprises, LTD,EPSON WF-7520 Series,Letter (8 1/2 x 11 in),1:76.9502,
C:\WORKING FOLDER\223 MINTO\SH 2 FNL MAIN FL FIREPLACE.dwg,Model,6/21/2013 3:35:11 PM,Sean Stevens, Architectural Enterprises, LTD,EPSON WF-7520 Series,Letter (8 1/2 x 11 in),0.5:12,
C:\WORKING FOLDER\223 MINTO\SH 3  LOWER  FLOOR  CEILING  PLAN.working dwg LLOYD mod.dwg,Model,6/21/2013 4:16:52 PM,Sean Stevens, Architectural Enterprises, LTD,EPSON WF-7520 Series,US B (11 x 17 in),0.5:12,
C:\WORKING FOLDER\223 MINTO\SH 1  AS-BUILT  LOWER  FLOOR  PLAN.dwg,Model,6/21/2013 4:22:56 PM,Sean Stevens, Architectural Enterprises, LTD,EPSON WF-7520 Series,US B (11 x 17 in),1:33.3536,
C:\WORKING FOLDER\223 MINTO\SH 3  LOWER  FLOOR  CEILING  PLAN.working dwg LLOYD mod.dwg,Model,6/22/2013 10:22:08 AM,Sean Stevens, Architectural Enterprises, LTD,EPSON WF-7520 Series,Letter (8 1/2 x 11 in),0.25:12,
C:\WORKING FOLDER\223 MINTO\SH 1  AS-BUILT  LOWER  FLOOR  PLAN.dwg,Model,6/25/2013 9:51:37 AM,Sean Stevens, Architectural Enterprises, LTD,HP Designjet 110plus nr,ANSI D,0.5:12,
C:\WORKING FOLDER\223 MINTO\SH 2  AS-BUILT  MAIN  FLOOR  PLAN.dwg,Model,6/25/2013 9:56:12 AM,Sean Stevens, Architectural Enterprises, LTD,HP Designjet 110plus nr,ANSI D,0.5:12,
C:\WORKING FOLDER\223 MINTO\SH 3  LOWER  FLOOR  CEILING  PLAN.working dwg LLOYD mod.dwg,Model,6/25/2013 1:02:01 PM,Sean Stevens, Architectural Enterprises, LTD,HP Designjet 110plus nr,ANSI D,0.75:12,
C:\WORKING FOLDER\223 MINTO\SH 3  LOWER  FLOOR  FINAL FIRE.dwg,Model,6/25/2013 5:16:01 PM,Sean Stevens, Architectural Enterprises, LTD,HP Designjet 110plus nr,ANSI D,0.5:12,
C:\WORKING FOLDER\223 MINTO\SH 1  AS-BUILT  LOWER  FLOOR  PLAN.dwg,Model,6/26/2013 7:37:54 AM,Sean Stevens, Architectural Enterprises, LTD,EPSON WF-7520 Series,US B (11 x 17 in),0.125:12,
C:\WORKING FOLDER\223 MINTO\SH 1  AS-BUILT  LOWER  FLOOR  PLAN.dwg,Model,6/28/2013 1:09:37 PM,Sean Stevens, Architectural Enterprises, LTD,HP Designjet 110plus nr,ANSI D,0.5:12,
C:\WORKING FOLDER\223 MINTO\SH 1  AS-BUILT  LOWER  FLOOR  PLAN.dwg,Model,6/28/2013 5:16:55 PM,Sean Stevens, Architectural Enterprises, LTD,HP Designjet 110plus nr,ANSI D,0.5:12,
C:\WORKING FOLDER\223 MINTO\SH 4  REVISED  LOWER  FLOOR  PLAN.dwg,Model,7/2/2013 10:33:18 AM,Sean Stevens, Architectural Enterprises, LTD,EPSON WF-7520 Series,Letter (8 1/2 x 11 in),0.75:12,
C:\WORKING FOLDER\223 MINTO\SH 3  LOWER  FLOOR  CEILING  PLAN.working dwg LLOYD mod.dwg,Model,7/7/2013 11:46:53 PM,Sean Stevens, Architectural Enterprises, LTD,EPSON WF-7520 Series,US B (11 x 17 in),0.5:12,
C:\WORKING FOLDER\223 MINTO\SH 2   MAIN  FLOOR  FRAMING PLAN wolrking.dwg LLOYD.dwg,Model,7/15/2013 10:23:18 AM,Sean Stevens, Architectural Enterprises, LTD,EPSON WF-7520 Series,Letter (8 1/2 x 11 in),0.5:12,
C:\WORKING FOLDER\223 MINTO\SH 2   MAIN  FLOOR  FRAMING PLAN wolrking.dwg LLOYD.dwg,Model,7/15/2013 10:25:47 AM,Sean Stevens, Architectural Enterprises, LTD,EPSON WF-7520 Series,Letter (8 1/2 x 11 in),0.5:12,
C:\WORKING FOLDER\223 MINTO\SH 2   MAIN  FLOOR  FRAMING PLAN wolrking.dwg LLOYD.dwg,Model,7/15/2013 11:03:28 AM,Sean Stevens, Architectural Enterprises, LTD,HP Designjet 110plus nr,ANSI D,0.5:12,
C:\WORKING FOLDER\223 MINTO\SH 2   MAIN  FLOOR  FRAMING PLAN wolrking.dwg LLOYD.dwg,Model,7/15/2013 11:08:09 AM,Sean Stevens, Architectural Enterprises, LTD,HP Designjet 110plus nr.pc3,ANSI D,0.5:12,
C:\WORKING FOLDER\223 MINTO\SH 2   MAIN  FLOOR  FRAMING PLAN wolrking.dwg LLOYD.dwg,Model,7/18/2013 9:25:23 AM,Sean Stevens, Architectural Enterprises, LTD,HP Designjet 110plus nr,ANSI D,0.5:12,
C:\WORKING FOLDER\223 MINTO\SH 3  LOWER  FLOOR  CEILING  PLAN.working dwg LLOYD.dwg,Model,7/18/2013 1:04:43 PM,Sean Stevens, Architectural Enterprises, LTD,HP Designjet 110plus nr,ANSI D,0.5:12,
C:\WORKING FOLDER\224 HILL HOUSE\SH 4  WD  ROOF  FRAMING.dwg,Model,7/19/2013 9:21:50 AM,Sean Stevens, Architectural Enterprises, LTD,HP Designjet 110plus nr,ANSI D,0.25:12,
C:\WORKING FOLDER\223 MINTO\SH 2  WD  MAIN  LEVEL PLAN.dwg,Model,7/20/2013 9:21:06 AM,Sean Stevens, Architectural Enterprises, LTD,HP Designjet 110plus nr,ANSI D,0.5:12,
C:\WORKING FOLDER\223 MINTO\SH 3  LOWER  FLOOR  CEILING  PLAN.working dwg LLOYD mod.dwg,Model,7/22/2013 7:02:19 PM,Sean Stevens, Architectural Enterprises, LTD,HP Designjet 110plus nr,ANSI D,1:12,
C:\WORKING FOLDER\223 MINTO\SH 3  LOWER  FLOOR  CEILING  PLAN.working dwg LLOYD mod.dwg,Model,7/24/2013 3:23:46 PM,Sean Stevens, Architectural Enterprises, LTD,HP Designjet 110plus nr,ANSI D,0.5:12,
C:\WORKING FOLDER\223 MINTO\223  SH 5 WD LOWER FL ELEC PLAN.dwg,Model,7/26/2013 6:56:26 AM,Sean Stevens, Architectural Enterprises, LTD,EPSON WF-7520 Series (temporary).pc3,Letter (8 1/2 x 11 in),0.25:12,
C:\WORKING FOLDER\223 MINTO\223  SH 5 WD MAIN FL ELEC PLAN.dwg,Model,7/27/2013 7:57:28 AM,Sean Stevens, Architectural Enterprises, LTD,HP Designjet 110plus nr,ANSI D,0.5:12,
C:\WORKING FOLDER\223 MINTO\223  SH 5 WD LOWER FL ELEC PLAN.dwg,Model,7/30/2013 9:09:06 AM,Sean Stevens, Architectural Enterprises, LTD,EPSON WF-7520 Series,US B (11 x 17 in),0.75:12,
C:\WORKING FOLDER\223 MINTO\223  SH 5 WD LOWER FL ELEC PLAN.dwg,Model,7/30/2013 9:36:51 AM,Sean Stevens, Architectural Enterprises, LTD,HP Designjet 110plus nr,ANSI D,0.5:12,
C:\WORKING FOLDER\223 MINTO\SH 2   MAIN  LEVEL PLAN.dwg,Model,7/30/2013 10:45:32 PM,Sean Stevens, Architectural Enterprises, LTD,EPSON WF-7520 Series,Letter (8 1/2 x 11 in),1:25.4097,
C:\WORKING FOLDER\223 MINTO\SH 2   MAIN  LEVEL PLAN.dwg,Model,7/30/2013 11:02:08 PM,Sean Stevens, Architectural Enterprises, LTD,EPSON WF-7520 Series,Letter (8 1/2 x 11 in),1:56.7974,
C:\WORKING FOLDER\223 MINTO\SH 2   MAIN  LEVEL PLAN.dwg,Model,7/30/2013 11:28:30 PM,Sean Stevens, Architectural Enterprises, LTD,HP Designjet 110plus nr,ANSI D,0.5:12,
C:\WORKING FOLDER\223 MINTO\233 MINTO BEAM FASTNERS.dwg,Model,7/31/2013 3:37:50 PM,Sean Stevens, Architectural Enterprises, LTD,EPSON WF-7520 Series,Letter (8 1/2 x 11 in),1:28.2733,
C:\WORKING FOLDER\223 MINTO\233 MINTO BEAM FASTNERS.dwg,Model,8/1/2013 1:03:26 PM,Sean Stevens, Architectural Enterprises, LTD,EPSON WF-7520 Series,Letter (8 1/2 x 11 in),1:26.8115,
C:\WORKING FOLDER\223 MINTO\223  SH 5 WD LOWER FL ELEC PLAN.dwg,Model,8/1/2013 1:07:44 PM,Sean Stevens, Architectural Enterprises, LTD,EPSON WF-7520 Series,US B (11 x 17 in),1:49.3264,
C:\WORKING FOLDER\223 MINTO\223  SH 5 WD LOWER FL ELEC PLAN.dwg,Model,8/1/2013 2:18:05 PM,Sean Stevens, Architectural Enterprises, LTD,EPSON WF-7520 Series (temporary).pc3,US B (11 x 17 in),0.75:12,
C:\WORKING FOLDER\223 MINTO\223  SH 5 WD MAIN FL ELEC PLAN.dwg,Model,8/1/2013 2:22:04 PM,Sean Stevens, Architectural Enterprises, LTD,EPSON WF-7520 Series,US B (11 x 17 in),1:17.3651,
C:\WORKING FOLDER\223 MINTO\223  SH 5 WD MAIN FL ELEC PLAN.dwg,Model,8/1/2013 2:24:06 PM,Sean Stevens, Architectural Enterprises, LTD,EPSON WF-7520 Series,US B (11 x 17 in),0.75:12,
C:\WORKING FOLDER\223 MINTO\SH 2   MAIN  LEVEL fireplace PLAN.dwg,Model,8/1/2013 2:40:37 PM,Sean Stevens, Architectural Enterprises, LTD,EPSON WF-7520 Series,US B (11 x 17 in),0.5:12,
C:\WORKING FOLDER\223 MINTO\SH 2   MAIN  LEVEL fireplace PLAN.dwg,Model,8/1/2013 2:46:05 PM,Sean Stevens, Architectural Enterprises, LTD,EPSON WF-7520 Series,US B (11 x 17 in),0.75:12,
C:\WORKING FOLDER\223 MINTO\SH 2   MAIN  LEVEL fireplace PLAN.dwg,Model,8/1/2013 5:33:46 PM,Sean Stevens, Architectural Enterprises, LTD,EPSON WF-7520 Series,Letter (8 1/2 x 11 in),0.5:12,
C:\WORKING FOLDER\223 MINTO\SH 7  WD  LOFT  FLOOR  ELEC  PLAN.dwg,Model,8/5/2013 8:33:10 AM,Sean Stevens, Architectural Enterprises, LTD,EPSON WF-7520 Series,US B (11 x 17 in),0.5:12,
C:\WORKING FOLDER\223 MINTO\233 MINTO BEAM FASTNERS.dwg,Model,8/5/2013 8:38:17 AM,Sean Stevens, Architectural Enterprises, LTD,EPSON WF-7520 Series,US B (11 x 17 in),0.75:12,
N:\1   ALL MY DRAWINGS\187 BROCHURE\187 BROCHURE\187BROSOELEVPLOT.dwg,Model,8/5/2013 10:40:15 AM,Sean Stevens, Architectural Enterprises, LTD,EPSON WF-7520 Series (temporary).pc3,Letter (8 1/2 x 11 in),1:167.554,
N:\1   ALL MY DRAWINGS\187 BROCHURE\187 BROCHURE\187BROSOELEVPLOT.dwg,Model,8/5/2013 10:45:47 AM,Sean Stevens, Architectural Enterprises, LTD,EPSON WF-7520 Series,US B (11 x 17 in),1:107.173,
N:\1   ALL MY DRAWINGS\187 BROCHURE\187 BROCHURE\187BROSOELEVPLOT.dwg,Model,8/5/2013 11:33:54 AM,Sean Stevens, Architectural Enterprises, LTD,HP Designjet 110plus nr (temporary).pc3,ANSI D,1:53.2728,
N:\1   ALL MY DRAWINGS\187 BROCHURE\187 BROCHURE\187BROSOELEVPLOT.dwg,Model,8/5/2013 12:12:29 PM,Sean Stevens, Architectural Enterprises, LTD,EPSON WF-7520 Series (temporary).pc3,Letter (8 1/2 x 11 in),1:167.168,
N:\1   ALL MY DRAWINGS\187 BROCHURE\187 BROCHURE\187BROSOELEVPLOT.dwg,Model,8/5/2013 12:21:08 PM,Sean Stevens, Architectural Enterprises, LTD,EPSON WF-7520 Series (temporary).pc3,US B (11 x 17 in),1:107.826,
N:\1   ALL MY DRAWINGS\187 BROCHURE\187 BROCHURE\187BROSOELEVPLOT.dwg,Model,8/5/2013 12:26:45 PM,Sean Stevens, Architectural Enterprises, LTD,HP Designjet 110plus nr (temporary).pc3,ANSI D,1:53.4577,
C:\WORKING FOLDER\214 ROBIE SPEC\214 ROBIE SPRINGS 16 FNL MAIN ELEC PLAN.dwg,Model,8/5/2013 2:40:18 PM,Sean Stevens, Architectural Enterprises, LTD,EPSON WF-7520 Series (temporary).pc3,Letter (8 1/2 x 11 in),1:26.0148,
C:\WORKING FOLDER\214 ROBIE SPEC\214 ROBIE SPRINGS 16 FNL MAIN ELEC PLAN.dwg,Model,8/5/2013 2:43:19 PM,Sean Stevens, Architectural Enterprises, LTD,EPSON WF-7520 Series,Letter (8 1/2 x 11 in),1:25.9515,
C:\WORKING FOLDER\223 MINTO\SH 6  WD  MAIN  FLOOR  ELEC  PLAN.dwg,Model,8/6/2013 1:47:14 PM,Sean Stevens, Architectural Enterprises, LTD,EPSON WF-7520 Series,US B (11 x 17 in),0.5:12,
C:\WORKING FOLDER\223 MINTO\SH 6  WD  MAIN  FLOOR  ELEC  PLAN.dwg,Model,8/8/2013 9:34:31 AM,Sean Stevens, Architectural Enterprises, LTD,EPSON WF-7520 Series,Letter (8 1/2 x 11 in),0.125:12,
C:\WORKING FOLDER\223 MINTO\SH 3  LOWER  FLOOR  FINAL FIRE.dwg,Model,8/8/2013 9:35:50 AM,Sean Stevens, Architectural Enterprises, LTD,EPSON WF-7520 Series,Letter (8 1/2 x 11 in),0.125:12,
C:\WORKING FOLDER\223 MINTO\SH 7  WD  LOFT  FLOOR  ELEC  PLAN.dwg,Model,8/8/2013 9:37:54 AM,Sean Stevens, Architectural Enterprises, LTD,EPSON WF-7520 Series,Letter (8 1/2 x 11 in),0.125:12,
C:\WORKING FOLDER\223 MINTO\SH 5 FNL MAIN FL FRAMING.dwg,Model,8/12/2013 1:37:39 PM,Sean Stevens, Architectural Enterprises, LTD,EPSON WF-7520 Series,Letter (8 1/2 x 11 in),0.125:12,
C:\WORKING FOLDER\223 MINTO\SH 4   LOFT   FLOOR  FRAMING.dwg,Model,8/12/2013 1:39:56 PM,Sean Stevens, Architectural Enterprises, LTD,EPSON WF-7520 Series,Letter (8 1/2 x 11 in),0.125:12,
C:\WORKING FOLDER\223 MINTO\SH 6 LOWER  FLOOR  FRAMING.dwg,Model,8/12/2013 1:48:17 PM,Sean Stevens, Architectural Enterprises, LTD,EPSON WF-7520 Series,Letter (8 1/2 x 11 in),0.125:12,
C:\WORKING FOLDER\223 MINTO\SH 5  MAIN LVL FRAMING.dwg,Model,8/13/2013 1:56:11 PM,Sean Stevens, Architectural Enterprises, LTD,EPSON WF-7520 Series,Letter (8 1/2 x 11 in),1:76.2305,
C:\WORKING FOLDER\223 MINTO\SH 5  MAIN LVL FRAMING.dwg,Model,8/13/2013 2:00:59 PM,Sean Stevens, Architectural Enterprises, LTD,EPSON WF-7520 Series,Letter (8 1/2 x 11 in),1:76.2305,
C:\WORKING FOLDER\223 MINTO\SH 4 LOFT  LVL  FRAMING.dwg,Model,8/13/2013 2:38:21 PM,Sean Stevens, Architectural Enterprises, LTD,EPSON WF-7520 Series,Letter (8 1/2 x 11 in),0.25:12,
C:\WORKING FOLDER\223 MINTO\SH 5  MAIN LVL FRAMING.dwg,Model,8/13/2013 2:39:36 PM,Sean Stevens, Architectural Enterprises, LTD,EPSON WF-7520 Series,Letter (8 1/2 x 11 in),0.25:12,
C:\WORKING FOLDER\223 MINTO\SH 6 LOWER  LVL  FRAMING.dwg,Model,8/13/2013 2:41:49 PM,Sean Stevens, Architectural Enterprises, LTD,EPSON WF-7520 Series,Letter (8 1/2 x 11 in),0.25:12,
C:\WORKING FOLDER\223 MINTO\SH 6 LOWER  LVL  FRAMING.dwg,Model,8/13/2013 2:44:10 PM,Sean Stevens, Architectural Enterprises, LTD,EPSON WF-7520 Series,Letter (8 1/2 x 11 in),0.125:12,
C:\WORKING FOLDER\223 MINTO\SH 5  MAIN LVL FRAMING.dwg,Model,8/13/2013 2:45:41 PM,Sean Stevens, Architectural Enterprises, LTD,EPSON WF-7520 Series,Letter (8 1/2 x 11 in),0.125:12,
C:\WORKING FOLDER\223 MINTO\SH 5  MAIN LVL FRAMING.dwg,Model,8/13/2013 2:46:58 PM,Sean Stevens, Architectural Enterprises, LTD,EPSON WF-7520 Series,Letter (8 1/2 x 11 in),0.125:12,
C:\WORKING FOLDER\223 MINTO\SH 4 LOFT  LVL  FRAMING.dwg,Model,8/13/2013 2:49:38 PM,Sean Stevens, Architectural Enterprises, LTD,EPSON WF-7520 Series,Letter (8 1/2 x 11 in),0.125:12,
C:\WORKING FOLDER\223 MINTO\223  SH 5 WD LOWER FL ELEC PLAN.dwg,Model,8/21/2013 8:16:54 AM,Sean Stevens, Architectural Enterprises, LTD,EPSON WF-7520 Series,Letter (8 1/2 x 11 in),1:49.7282,
C:\WORKING FOLDER\223 MINTO\223  SH 5 WD LOWER FL ELEC PLAN.dwg,Model,8/21/2013 10:11:29 AM,Sean Stevens, Architectural Enterprises, LTD,EPSON WF-7520 Series,Letter (8 1/2 x 11 in),1:50.182,
C:\WORKING FOLDER\223 MINTO\SH 6  WD  MAIN  FLOOR  ELEC  PLAN.dwg,Model,8/21/2013 10:18:14 AM,Sean Stevens, Architectural Enterprises, LTD,EPSON WF-7520 Series,Letter (8 1/2 x 11 in),1:50.2524,
C:\WORKING FOLDER\223 MINTO\SH 1  AS-BUILT  LOWER  FLOOR  PLAN.dwg,Model,8/21/2013 10:25:00 AM,Sean Stevens, Architectural Enterprises, LTD,EPSON WF-7520 Series,Letter (8 1/2 x 11 in),1:51.1367,
C:\WORKING FOLDER\223 MINTO\SH 2  AS-BUILT  MAIN  FLOOR  PLAN.dwg,Model,8/21/2013 10:31:59 AM,Sean Stevens, Architectural Enterprises, LTD,EPSON WF-7520 Series,Letter (8 1/2 x 11 in),1:49.5144,
C:\WORKING FOLDER\223 MINTO\SH 6  WD  MAIN  FLOOR  ELEC  PLAN.dwg,Model,8/21/2013 10:40:39 AM,Sean Stevens, Architectural Enterprises, LTD,EPSON WF-7520 Series,Letter (8 1/2 x 11 in),1:52.8473,
C:\WORKING FOLDER\223 MINTO\SH 6  WD  MAIN  FLOOR  ELEC  PLAN.dwg,Model,8/21/2013 10:47:38 AM,Sean Stevens, Architectural Enterprises, LTD,EPSON WF-7520 Series,Letter (8 1/2 x 11 in),1:52.1183,
C:\WORKING FOLDER\223 MINTO\SH 6  WD  MAIN  FLOOR  ELEC  PLAN.dwg,Model,8/21/2013 11:26:05 AM,Sean Stevens, Architectural Enterprises, LTD,EPSON WF-7520 Series,Letter (8 1/2 x 11 in),1:52.5773,
C:\WORKING FOLDER\223 MINTO\SH 2  AS-BUILT  MAIN  FLOOR  PLAN.dwg,Model,8/21/2013 11:27:23 AM,Sean Stevens, Architectural Enterprises, LTD,EPSON WF-7520 Series,Letter (8 1/2 x 11 in),1:52.6051,
C:\WORKING FOLDER\223 MINTO\SH 1  AS-BUILT  LOWER  FLOOR  PLAN.dwg,Model,8/21/2013 11:30:02 AM,Sean Stevens, Architectural Enterprises, LTD,EPSON WF-7520 Series,Letter (8 1/2 x 11 in),1:51.5725,
C:\WORKING FOLDER\223 MINTO\223  SH 5 WD LOWER FL ELEC PLAN.dwg,Model,8/21/2013 11:32:43 AM,Sean Stevens, Architectural Enterprises, LTD,EPSON WF-7520 Series,Letter (8 1/2 x 11 in),1:52.9631,
C:\WORKING FOLDER\223 MINTO\223  SH 5 WD LOWER FL ELEC PLAN.dwg,Model,8/27/2013 8:39:46 AM,Sean Stevens, Architectural Enterprises, LTD,EPSON WF-7520 Series,US B (11 x 17 in),0.25:12,
C:\WORKING FOLDER\223 MINTO\SH 6  WD  MAIN  FLOOR  ELEC  PLAN.dwg,Model,8/27/2013 8:41:26 AM,Sean Stevens, Architectural Enterprises, LTD,EPSON WF-7520 Series,US B (11 x 17 in),0.25:12,
C:\WORKING FOLDER\223 MINTO\SH 1   FL  LOFT  FLOOR  HVAC PLAN.dwg,Model,8/27/2013 8:44:16 AM,Sean Stevens, Architectural Enterprises, LTD,EPSON WF-7520 Series,US B (11 x 17 in),0.25:12,
C:\WORKING FOLDER\223 MINTO\SH 6  WD  MAIN  FLOOR  ELEC  PLAN.dwg,Model,8/28/2013 9:29:19 AM,Sean Stevens, Architectural Enterprises, LTD,HP Designjet 110plus nr,ANSI D,0.5:12,
C:\WORKING FOLDER\223 MINTO\SH 6 LOFT  LVL  FRAMING.dwg,Model,8/28/2013 9:33:14 AM,Sean Stevens, Architectural Enterprises, LTD,HP Designjet 110plus nr,Oversize: ANSI D,0.5:12,
C:\WORKING FOLDER\223 MINTO\223  SH 5 WD LOWER FL ELEC PLAN.dwg,Model,8/28/2013 9:46:25 AM,Sean Stevens, Architectural Enterprises, LTD,HP Designjet 110plus nr,ANSI D,0.5:12,
C:\WORKING FOLDER\223 MINTO\223  SH 5 WD LOWER FL ELEC PLAN.dwg,Model,8/31/2013 11:36:45 AM,Sean Stevens, Architectural Enterprises, LTD,EPSON WF-7520 Series,Letter (8 1/2 x 11 in),0.125:12,
C:\WORKING FOLDER\223 MINTO\223  SH 5 WD LOWER FL ELEC PLAN.dwg,Model,8/31/2013 11:51:27 AM,Sean Stevens, Architectural Enterprises, LTD,HP Designjet 110plus nr,ANSI D,0.5:12,
C:\WORKING FOLDER\223 MINTO\SH 6  WD  MAIN  FLOOR  ELEC  PLAN.dwg,Model,8/31/2013 11:57:57 AM,Sean Stevens, Architectural Enterprises, LTD,HP Designjet 110plus nr,ANSI D,0.5:12,
C:\WORKING FOLDER\223 MINTO\223  SH 5 WD LOWER FL ELEC PLAN.dwg,Model,8/31/2013 12:04:54 PM,Sean Stevens, Architectural Enterprises, LTD,EPSON WF-7520 Series,US B (11 x 17 in),0.25:12,
C:\WORKING FOLDER\223 MINTO\SH 7  WD  LOFT  FLOOR  ELEC  PLAN.dwg,Model,8/31/2013 12:09:04 PM,Sean Stevens, Architectural Enterprises, LTD,EPSON WF-7520 Series,Letter (8 1/2 x 11 in),0.125:12,
C:\WORKING FOLDER\223 MINTO\SH 7  WD  LOFT  FLOOR  ELEC  PLAN.dwg,Model,8/31/2013 12:10:39 PM,Sean Stevens, Architectural Enterprises, LTD,EPSON WF-7520 Series,US B (11 x 17 in),0.25:12,
C:\WORKING FOLDER\223 MINTO\SH 7  WD  LOFT  FLOOR  ELEC  PLAN.dwg,Model,8/31/2013 12:12:08 PM,Sean Stevens, Architectural Enterprises, LTD,HP Designjet 110plus nr,Oversize: ANSI D,0.5:12,
C:\WORKING FOLDER\223 MINTO\SH 2   MAIN  LEVEL fireplace PLAN.dwg,Model,9/4/2013 9:12:35 PM,Sean Stevens, Architectural Enterprises, LTD,EPSON WF-7520 Series,US B (11 x 17 in),0.25:12,
C:\WORKING FOLDER\223 MINTO\SH 3  LOWER  FLOOR  FINAL FIRE.dwg,Model,9/4/2013 9:20:13 PM,Sean Stevens, Architectural Enterprises, LTD,EPSON WF-7520 Series,US B (11 x 17 in),0.25:12,
C:\WORKING FOLDER\223 MINTO\SH 3  LOWER  FLOOR  FINAL FIRE.dwg,Model,9/4/2013 9:23:27 PM,Sean Stevens, Architectural Enterprises, LTD,EPSON WF-7520 Series,US B (11 x 17 in),0.75:12,
C:\WORKING FOLDER\223 MINTO\SH 2   MAIN  LEVEL fireplace PLAN.dwg,Model,9/4/2013 9:42:30 PM,Sean Stevens, Architectural Enterprises, LTD,EPSON WF-7520 Series,US B (11 x 17 in),0.75:12,
C:\WORKING FOLDER\223 MINTO\SH 2   MAIN  LEVEL fireplace PLAN.dwg,Model,9/9/2013 11:24:33 AM,Sean Stevens, Architectural Enterprises, LTD,EPSON WF-7520 Series,US B (11 x 17 in),0.25:12,
C:\WORKING FOLDER\223 MINTO\SH 3  LOWER  FLOOR  FINAL FIRE.dwg,Model,9/9/2013 11:34:27 AM,Sean Stevens, Architectural Enterprises, LTD,EPSON WF-7520 Series,US B (11 x 17 in),0.25:12,
C:\WORKING FOLDER\223 MINTO\SH 2   MAIN  LEVEL fireplace PLAN.dwg,Model,9/13/2013 12:39:49 PM,Sean Stevens, Architectural Enterprises, LTD,EPSON WF-7520 Series,Letter (8 1/2 x 11 in),0.125:12,
C:\WORKING FOLDER\223 MINTO\223  SH 5 WD MAIN FL ELEC PLAN.dwg,Model,9/13/2013 12:41:46 PM,Sean Stevens, Architectural Enterprises, LTD,EPSON WF-7520 Series,Letter (8 1/2 x 11 in),0.125:12,
C:\WORKING FOLDER\223 MINTO\SH 7  WD  LOFT  FLOOR  ELEC  PLAN.dwg,Model,9/22/2013 2:34:43 PM,Sean Stevens, Architectural Enterprises, LTD,EPSON WF-7520 Series,US B (11 x 17 in),0.25:12,
C:\WORKING FOLDER\223 MINTO\SH 5  WD  MAIN  FLOOR  ELEC  PLAN.dwg,Model,9/22/2013 2:36:51 PM,Sean Stevens, Architectural Enterprises, LTD,EPSON WF-7520 Series,US B (11 x 17 in),0.25:12,
C:\WORKING FOLDER\223 MINTO\223  SH 5 WD LOWER FL ELEC PLAN.dwg,Model,9/22/2013 2:39:14 PM,Sean Stevens, Architectural Enterprises, LTD,EPSON WF-7520 Series,US B (11 x 17 in),1:49.7502,
C:\WORKING FOLDER\223 MINTO\SH 7  WD  LOFT  FLOOR  ELEC  PLAN.dwg,Model,9/23/2013 4:11:31 PM,Sean Stevens, Architectural Enterprises, LTD,EPSON WF-7520 Series,Letter (8 1/2 x 11 in),0.25:12,
C:\WORKING FOLDER\223 MINTO\SH 6  WD  MAIN  FLOOR  ELEC  PLAN.dwg,Model,9/24/2013 12:59:04 AM,Sean Stevens, Architectural Enterprises, LTD,EPSON WF-7520 Series,US B (11 x 17 in),0.25:12,
C:\WORKING FOLDER\223 MINTO\SH 3  LOWER  FLOOR  FNL HVAC PLAN.dwg,Model,9/24/2013 1:06:26 AM,Sean Stevens, Architectural Enterprises, LTD,EPSON WF-7520 Series,US B (11 x 17 in),0.25:12,
C:\WORKING FOLDER\223 MINTO\SH 3  LOWER  FLOOR  FNL HVAC PLAN.dwg,Model,9/24/2013 1:08:10 AM,Sean Stevens, Architectural Enterprises, LTD,EPSON WF-7520 Series,US B (11 x 17 in),0.25:12,
C:\WORKING FOLDER\223 MINTO\SH 6  WD  MAIN  FLOOR  ELEC  PLAN.dwg,Model,9/24/2013 7:00:54 AM,Sean Stevens, Architectural Enterprises, LTD,HP Designjet 110plus nr,ANSI D,1:12,
C:\WORKING FOLDER\223 MINTO\SH 3  LOWER  FLOOR  FNL HVAC PLAN.dwg,Model,9/24/2013 7:16:06 AM,Sean Stevens, Architectural Enterprises, LTD,HP Designjet 110plus nr,ANSI D,1:12,
C:\WORKING FOLDER\223 MINTO\SH 2  MAIN FLOOR  HVAC.dwg,Model,9/25/2013 3:41:58 PM,Sean Stevens, Architectural Enterprises, LTD,EPSON WF-7520 Series,Letter (8 1/2 x 11 in),0.125:12,
C:\WORKING FOLDER\223 MINTO\SH 2  MAIN FLOOR  HVAC.dwg,Model,9/25/2013 3:54:14 PM,Sean Stevens, Architectural Enterprises, LTD,EPSON WF-7520 Series,Letter (8 1/2 x 11 in),1:76.7522,
C:\WORKING FOLDER\223 MINTO\SH 3  LOWER  FLOOR  FNL HVAC PLAN.dwg,Model,9/25/2013 3:55:35 PM,Sean Stevens, Architectural Enterprises, LTD,EPSON WF-7520 Series,Letter (8 1/2 x 11 in),1:76.9323,
C:\WORKING FOLDER\223 MINTO\SH 7  WD  LOFT  FLOOR  ELEC  PLAN.dwg,Model,9/29/2013 4:22:48 PM,Sean Stevens, Architectural Enterprises, LTD,HP Designjet 110plus nr,Arch D ,0.5:12,
C:\WORKING FOLDER\223 MINTO\SH 6  WD  MAIN  FLOOR  ELEC  PLAN.dwg,Model,9/29/2013 4:24:20 PM,Sean Stevens, Architectural Enterprises, LTD,HP Designjet 110plus nr,ANSI D,0.5:12,
C:\WORKING FOLDER\223 MINTO\223  SH 5 WD LOWER FL ELEC PLAN.dwg,Model,9/29/2013 4:25:45 PM,Sean Stevens, Architectural Enterprises, LTD,HP Designjet 110plus nr,ANSI D,0.5:12,
C:\WORKING FOLDER\223 MINTO\223  SH 5 WD LOWER FL ELEC PLAN.dwg,Model,9/29/2013 10:17:10 PM,Sean Stevens, Architectural Enterprises, LTD,HP Designjet 110plus nr,ANSI D,0.5:12,
C:\WORKING FOLDER\223 MINTO\SH 6  WD  MAIN  FLOOR  ELEC  PLAN.dwg,Model,9/29/2013 10:20:14 PM,Sean Stevens, Architectural Enterprises, LTD,HP Designjet 110plus nr,ANSI D,0.5:12,
C:\WORKING FOLDER\223 MINTO\SH 7  WD  LOFT  FLOOR  ELEC  PLAN.dwg,Model,9/29/2013 10:24:18 PM,Sean Stevens, Architectural Enterprises, LTD,HP Designjet 110plus nr,Oversize: ANSI D,0.5:12,
C:\WORKING FOLDER\223 MINTO\SH 6  WD  MAIN  FLOOR  ELEC  PLAN.dwg,Model,10/3/2013 12:21:25 PM,Sean Stevens, Architectural Enterprises, LTD,EPSON WF-7520 Series (temporary).pc3,Letter (8 1/2 x 11 in),0.5:12,
C:\WORKING FOLDER\223 MINTO\223  SH 5 WD LOWER FL ELEC PLAN.dwg,Model,10/3/2013 12:23:51 PM,Sean Stevens, Architectural Enterprises, LTD,EPSON WF-7520 Series,Letter (8 1/2 x 11 in),0.5:12,
C:\WORKING FOLDER\223 MINTO\SH 6  WD  MAIN  FLOOR  ELEC  PLAN.dwg,Model,10/4/2013 9:38:19 AM,Sean Stevens, Architectural Enterprises, LTD,EPSON WF-7520 Series,Letter (8 1/2 x 11 in),0.25:12,
C:\WORKING FOLDER\223 MINTO\SH 3  LOWER  FLOOR  HVAC PLAN.dwg,Model,10/4/2013 9:41:33 AM,Sean Stevens, Architectural Enterprises, LTD,EPSON WF-7520 Series,Letter (8 1/2 x 11 in),0.25:12,
C:\WORKING FOLDER\223 MINTO\SH 6  WD  MAIN  FLOOR  ELEC  PLAN.dwg,Model,10/19/2013 8:40:34 AM,Sean Stevens, Architectural Enterprises, LTD,HP Designjet 110plus nr,ANSI D,0.5:12,
C:\WORKING FOLDER\223 MINTO\223  SH 5 WD LOWER FL ELEC PLAN.dwg,Model,10/19/2013 8:45:38 AM,Sean Stevens, Architectural Enterprises, LTD,HP Designjet 110plus nr,ANSI D,0.5:12,
C:\WORKING FOLDER\223 MINTO\SH 6  WD  MAIN  FLOOR  ELEC  PLAN.dwg,Model,10/23/2013 9:45:28 PM,Sean Stevens, Architectural Enterprises, LTD,HP Designjet 110plus nr,ANSI D,0.5:12,
C:\WORKING FOLDER\223 MINTO\223  SH 5 WD LOWER FL ELEC PLAN.dwg,Model,10/23/2013 9:48:17 PM,Sean Stevens, Architectural Enterprises, LTD,HP Designjet 110plus nr,ANSI D,0.5:12,
C:\WORKING FOLDER\223 MINTO\SH 6  WD  MAIN  FLOOR  ELEC  PLAN.dwg,Model,11/9/2013 9:03:45 AM,Sean Stevens, Architectural Enterprises, LTD,HP Designjet 110plus nr.pc3,ANSI D,0.5:12,
C:\WORKING FOLDER\223 MINTO\223  SH 5 WD LOWER FL ELEC PLAN.dwg,Model,11/9/2013 9:09:12 AM,Sean Stevens, Architectural Enterprises, LTD,HP Designjet 110plus nr,ANSI D,0.5:12,
C:\WORKING FOLDER\223 MINTO\SH 6  WD  MAIN  FLOOR  ELEC  PLAN.dwg,Model,11/9/2013 9:13:51 AM,Sean Stevens, Architectural Enterprises, LTD,EPSON WF-7520 Series,US B (11 x 17 in),0.75:12,
C:\WORKING FOLDER\223 MINTO\SH 6  WD  MAIN  FLOOR  ELEC  PLAN.dwg,Model,11/11/2013 8:20:42 AM,Sean Stevens, Architectural Enterprises, LTD,HP Designjet 110plus nr,ANSI D,0.5:12,
C:\WORKING FOLDER\223 MINTO\SH 6  WD  MAIN  FLOOR  ELEC  PLAN.dwg,Model,11/11/2013 8:22:04 AM,Sean Stevens, Architectural Enterprises, LTD,HP Designjet 110plus nr,ANSI D,0.5:12,
C:\WORKING FOLDER\223 MINTO\223  SH 5 WD LOWER FL ELEC PLAN.dwg,Model,11/11/2013 8:23:58 AM,Sean Stevens, Architectural Enterprises, LTD,HP Designjet 110plus nr,ANSI D,0.5:12,
C:\WORKING FOLDER\223 MINTO\223  SH 5 WD LOWER FL ELEC PLAN.dwg,Model,11/14/2013 9:43:51 AM,Sean Stevens, Architectural Enterprises, LTD,EPSON WF-7520 Series,US B (11 x 17 in),0.25:12,
C:\WORKING FOLDER\223 MINTO\SH 2  MAIN FLOOR  HVAC.dwg,Model,11/14/2013 9:47:25 AM,Sean Stevens, Architectural Enterprises, LTD,EPSON WF-7520 Series,US B (11 x 17 in),0.25:12,
C:\WORKING FOLDER\223 MINTO\SH 5  WD  MAIN  FLOOR  ELEC  PLAN.dwg,Model,11/21/2013 9:11:17 AM,Sean Stevens, Architectural Enterprises, LTD,EPSON WF-7520 Series,US B (11 x 17 in),0.25:12,
C:\WORKING FOLDER\223 MINTO\SH 7  WD  LOFT  FLOOR  ELEC  PLAN.dwg,Model,11/21/2013 9:15:38 AM,Sean Stevens, Architectural Enterprises, LTD,EPSON WF-7520 Series,US B (11 x 17 in),0.25:12,
C:\WORKING FOLDER\223 MINTO\SH 7  WD  LOFT  FLOOR  ELEC  PLAN.dwg,Model,11/22/2013 4:30:37 PM,Sean Stevens, Architectural Enterprises, LTD,EPSON WF-7520 Series,US B (11 x 17 in),0.25:12,
C:\WORKING FOLDER\223 MINTO\223  SH 5 WD LOWER FL ELEC PLAN.dwg,Model,11/26/2013 8:59:59 AM,Sean Stevens, Architectural Enterprises, LTD,EPSON WF-7520 Series,Letter (8 1/2 x 11 in),0.25:12,
C:\WORKING FOLDER\223 MINTO\SH 6  WD  MAIN  FLOOR  ELEC  PLAN.dwg,Model,11/26/2013 9:02:28 AM,Sean Stevens, Architectural Enterprises, LTD,EPSON WF-7520 Series,Letter (8 1/2 x 11 in),0.25:12,
C:\WORKING FOLDER\223 MINTO\SH 6  WD  MAIN  FLOOR  ELEC  PLAN.dwg,Model,12/2/2013 3:28:15 PM,Sean Stevens, Architectural Enterprises, LTD,EPSON WF-7520 Series,US B (11 x 17 in),0.75:12,
C:\WORKING FOLDER\223 MINTO\223  SH 5 WD LOWER FL ELEC PLAN.dwg,Model,12/2/2013 6:41:21 PM,Sean Stevens, Architectural Enterprises, LTD,HP Designjet 110plus nr,ANSI D,0.5:12,
C:\WORKING FOLDER\223 MINTO\SH 6  WD  MAIN  FLOOR  ELEC  PLAN.dwg,Model,12/11/2013 11:06:54 PM,Sean Stevens, Architectural Enterprises, LTD,HP Designjet 110plus nr,ANSI D,0.5:12,
C:\WORKING FOLDER\223 MINTO\SH 7  WD  LOFT  FLOOR  ELEC  PLAN.dwg,Model,12/11/2013 11:14:12 PM,Sean Stevens, Architectural Enterprises, LTD,HP Designjet 110plus nr,ANSI D,0.5:12,
C:\WORKING FOLDER\223 MINTO\223  SH 5 WD LOWER FL ELEC PLAN.dwg,Model,12/11/2013 11:17:14 PM,Sean Stevens, Architectural Enterprises, LTD,HP Designjet 110plus nr,ANSI D,0.5:12,
C:\WORKING FOLDER\223 MINTO\SH 6  WD  MAIN  FLOOR  ELEC  PLAN.dwg,Model,1/21/2014 10:17:32 AM,Sean Stevens, Architectural Enterprises, LTD,EPSON WF-7520 Series,US B (11 x 17 in),0.25:12,
C:\WORKING FOLDER\223 MINTO\SH 6  WD  MAIN  FLOOR  ELEC  PLAN.dwg,Model,1/21/2014 10:24:58 AM,Sean Stevens, Architectural Enterprises, LTD,EPSON WF-7520 Series,Letter (8 1/2 x 11 in),1:75.0712,
C:\WORKING FOLDER\223 MINTO\223  SH 5 WD LOWER FL ELEC PLAN.dwg,Model,1/21/2014 10:32:05 AM,Sean Stevens, Architectural Enterprises, LTD,EPSON WF-7520 Series,Letter (8 1/2 x 11 in),1:75.1026,
C:\WORKING FOLDER\223 MINTO\223  SH 5 WD LOWER FL ELEC PLAN.dwg,Model,1/21/2014 10:34:01 AM,Sean Stevens, Architectural Enterprises, LTD,EPSON WF-7520 Series,US B (11 x 17 in),0.25:12,
C:\WORKING FOLDER\223 MINTO\SH 6  WD  MAIN  FLOOR  ELEC  PLAN.dwg,Model,3/31/2014 8:35:26 AM,Sean Stevens, Architectural Enterprises, LTD,EPSON WF-7520 Series,Letter (8 1/2 x 11 in),1:77.0487,
C:\WORKING FOLDER\223 MINTO\223  SH 5 WD LOWER FL ELEC PLAN.dwg,Model,3/31/2014 8:40:11 AM,Sean Stevens, Architectural Enterprises, LTD,Default Windows System Printer.pc3,Letter (8 1/2 x 11 in),1:77.6383,
C:\WORKING FOLDER\223 MINTO\223  SH 5 WD LOWER FL ELEC PLAN.dwg,Model,3/31/2014 12:05:50 PM,Sean Stevens, Architectural Enterprises, LTD,EPSON WF-7520 Series,US B (11 x 17 in),0.25:12,
C:\WORKING FOLDER\223 MINTO\SH 6  WD  MAIN  FLOOR  ELEC  PLAN.dwg,Model,3/31/2014 12:08:15 PM,Sean Stevens, Architectural Enterprises, LTD,EPSON WF-7520 Series,US B (11 x 17 in),0.25:12,
L:\WORKING FOLDER\223 MINTO\SH 6  WD  MAIN  FLOOR  ELEC  PLAN.dwg,Model,4/9/2014 8:32:00 AM,archentltd,HP Designjet 110plus,Arch D ,0.5:12,
L:\WORKING FOLDER\223 MINTO\SH 6  WD  MAIN  FLOOR  ELEC  PLAN.dwg,Model,4/9/2014 8:46:24 AM,archentltd,HP Designjet 110plus,Arch D ,1:12,
L:\WORKING FOLDER\223 MINTO\SH 6  WD  MAIN  FLOOR  ELEC  PLAN.dwg,Model,4/9/2014 8:54:41 AM,archentltd,HP Designjet 110plus,Arch D ,0.75:12,
L:\WORKING FOLDER\223 MINTO\SH 6  WD  MAIN  FLOOR  ELEC  PLAN.dwg,Model,4/9/2014 9:12:10 AM,archentltd,EPSON WF-7520 Series,Letter,0.25:12,
L:\WORKING FOLDER\223 MINTO\223  SH 5 WD LOWER FL ELEC PLAN.dwg,Model,4/9/2014 9:19:13 AM,archentltd,EPSON WF-7520 Series,Letter,0.25:12,
L:\WORKING FOLDER\223 MINTO\223  SH 5 WD LOWER FL ELEC PLAN.dwg,Model,4/9/2014 9:48:14 AM,archentltd,EPSON WF-7520 Series,Letter,1:47.3754,
L:\WORKING FOLDER\223 MINTO\223  SH 5 WD LOWER FL ELEC PLAN.dwg,Model,4/9/2014 9:59:40 AM,archentltd,EPSON WF-7520 Series,Letter,0.25:12,
L:\WORKING FOLDER\223 MINTO\223  LOWER LEVEL GEN'L PLAN.dwg,Model,4/9/2014 2:31:18 PM,archentltd,HP Designjet 110plus,Arch D ,0.75:12,
L:\WORKING FOLDER\223 MINTO\SH 5  WD  MAIN  FLOOR  ELEC  PLAN.dwg,Model,4/14/2014 7:29:50 AM,archentltd,EPSON WF-7520 Series,Letter,1:10.5213,
L:\WORKING FOLDER\223 MINTO\SH 2 FNL MAIN FL FIREPLACE.dwg,Model,5/19/2014 9:40:03 AM,archentltd,HP Designjet 110plus,ANSI D,0.5:12,
L:\WORKING FOLDER\224 HILL HOUSE\BID SET\224 BID SH 04 MAIN FLOOR PLAN.dwg,Model,5/19/2014 2:50:54 PM,archentltd,EPSON WF-7520 Series,Letter (8 1/2 x 11 in),0.125:12,
L:\WORKING FOLDER\224 HILL HOUSE\BID SET\224 BID SH 04 MAIN FLOOR PLAN.dwg,Model,5/19/2014 3:16:02 PM,archentltd,EPSON WF-7520 Series,Letter (8 1/2 x 11 in),0.125:12,
L:\WORKING FOLDER\223 MINTO\SH 7  WD  LOFT  FLOOR  ELEC  PLAN.dwg,Model,5/27/2014 10:58:11 AM,archentltd,HP Designjet 110plus,ANSI D,0.5:12,
L:\WORKING FOLDER\223 MINTO\SH 6  WD  MAIN  FLOOR  ELEC  PLAN.dwg,Model,5/27/2014 12:11:34 PM,archentltd,HP Designjet 110plus,ANSI D,0.5:12,
L:\WORKING FOLDER\223 MINTO\SH 6  WD  MAIN  FLOOR  ELEC  PLAN.dwg,Model,5/27/2014 2:11:58 PM,archentltd,HP Designjet 110plus,ANSI D,0.5:12,
L:\WORKING FOLDER\223 MINTO\223  SH 5 WD LOWER FL ELEC PLAN.dwg,Model,5/27/2014 2:17:04 PM,archentltd,HP Designjet 110plus,ANSI D,0.5:12,
L:\WORKING FOLDER\223 MINTO\SH 3  LOWER  FLOOR  HVAC PLAN.dwg,Model,7/29/2014 8:01:04 AM,archentltd,EPSON WF-7520 Series,Letter (8 1/2 x 11 in),0.25:12,
L:\WORKING FOLDER\224 HILL HOUSE\BID SET\224 BID SH 11 HVAC PLAN.dwg,Model,7/29/2014 4:06:18 PM,archentltd,HP Designjet 110plus,ANSI D,0.25:12,
C:\WORKING FOLDER\223 MINTO\PROGRESS\SH 2  AS-BUILT  MAIN  FLOOR  PLAN.dwg,Model,1/26/2015 10:05:50 AM,archent,Canon MG3500 series Printer,Letter 8.5"x11" 22x28cm,1:153.633,
C:\WORKING FOLDER\223 MINTO\PROGRESS\SH 1  AS-BUILT  LOWER  FLOOR  PLAN.dwg,Model,1/26/2015 10:11:05 AM,archent,Canon MG3500 series Printer,Letter 8.5"x11" 22x28cm,1:153.633,
C:\WORKING FOLDER\223 MINTO\PROGRESS\SH 3  AS-BUILT  LOFT  FLOOR  PLAN.dwg,Model,1/26/2015 10:39:58 AM,archent,Canon MG3500 series Printer,Letter 8.5"x11" 22x28cm,1:153.633,
C:\WORKING FOLDER\223 MINTO\PROGRESS\SH 6 LOWER  LVL  FRAMING.dwg,Model,1/26/2015 10:49:24 AM,archent,Canon MG3500 series Printer,Letter 8.5"x11" 22x28cm,1:76.8166,
C:\WORKING FOLDER\223 MINTO\PROGRESS\SH 2   MAIN  FLOOR  FRAMING PLAN wolrking.dwg LLOYD.dwg,Model,1/26/2015 11:59:33 AM,archent,Canon MG3500 series Printer,Letter 8.5"x11" 22x28cm,1:76.8166,
C:\WORKING FOLDER\223 MINTO\PROGRESS\SH 2   MAIN  FLOOR  FRAMING PLAN wolrking.dwg LLOYD.dwg,Model,1/26/2015 2:12:59 PM,archent,Canon MG3500 series Printer,Letter 8.5"x11" 22x28cm,1:76.8166,
C:\WORKING FOLDER\223 MINTO\PROGRESS\SH 2   MAIN  FLOOR  FRAMING PLAN wolrking.dwg LLOYD.dwg,Model,1/26/2015 2:23:37 PM,archent,Canon MG3500 series Printer,Letter 8.5"x11" 22x28cm,1:76.8166,
C:\WORKING FOLDER\223 MINTO\PROGRESS\SH 6 LOFT  LVL  FRAMING.dwg,Model,1/26/2015 2:42:57 PM,archent,Canon MG3500 series Printer,Letter 8.5"x11" 22x28cm,1:76.8166,
C:\WORKING FOLDER\223 MINTO\PROGRESS\233 SH 5  MAIN  FLOOR  FRAMING PLAN wolrking.dwg LLOYD.dwg,Model,1/26/2015 4:36:47 PM,archent,Canon MG3500 series Printer,Letter 8.5"x11" 22x28cm,1:76.8166,
