C:\WORKING FOLDER\210 RALSTON\WORKING\210 RALSTON SH 10 EASTWEST ELEV PLAN.dwg,EastWest Elevation,9/11/2008 8:43:00 PM,Dennis Stevens, Architetcural Enterprises, Ltd,HP Designjet 110plus nr.pc3,Custom 1:  24  x  58 in.,1:1,
C:\WORKING FOLDER\210 RALSTON\WORKING\210 RALSTON SH 10 EASTWEST ELEV PLAN.dwg,EastWest Elevation,9/11/2008 8:48:11 PM,Dennis Stevens, Architetcural Enterprises, Ltd,HP Designjet 110plus nr.pc3,Custom 1:  24  x  58 in.,1:1,
C:\WORKING FOLDER\210 RALSTON\WORKING\210 RALSTON SH 10 EASTWEST ELEV PLAN.dwg,EastWest Elevation,9/11/2008 8:53:38 PM,Dennis Stevens, Architetcural Enterprises, Ltd,HP Designjet 110plus nr.pc3,Custom 1:  24  x  58 in.,1:1,
C:\WORKING FOLDER\210 RALSTON\CONSTRUCTION\210 RALSTON PAD LAYOUT.dwg,Plot,9/12/2008 12:18:22 PM,Dennis Stevens, Architetcural Enterprises, Ltd,HP Designjet 110plus nr.pc3,Custom 1:  24  x  58 in.,1:1,
C:\WORKING FOLDER\210 RALSTON\CONSTRUCTION\210 RALSTON DIG LAYOUT.dwg,Plot,9/15/2008 5:26:13 PM,Dennis Stevens, Architetcural Enterprises, Ltd,HP Designjet 110plus nr.pc3,Custom 1:  24  x  58 in.,1:1,
I:\1   ALL MY DRAWINGS\210 RALSTON RES\GATED ENTRY DRIV E\GilliamGradingPlanRev4.dwg,8.5x11,9/25/2008 10:17:44 AM,Dennis Stevens, Architetcural Enterprises, Ltd,\\archent002\HP LaserJet 1200 Series PCL 5,Letter,1:1,
C:\WORKING FOLDER\210 RALSTON\CONSTRUCTION\210 RALSTON LAYOUT GRID EXCAVATE SURVEY.dwg,Courtyard,9/25/2008 10:33:56 AM,Dennis Stevens, Architetcural Enterprises, Ltd,\\archent002\HP LaserJet 1200 Series PCL 5,Letter,1:1,
C:\WORKING FOLDER\210 RALSTON\CONSTRUCTION\210 RALSTON BASEMENT FOUNDATION LAYOUT VERIFY.dwg,Basement,9/30/2008 2:35:33 PM,Dennis Stevens, Architetcural Enterprises, Ltd,\\archent002\HP LaserJet 1200 Series PCL 5,Letter,1:1,
C:\WORKING FOLDER\210 RALSTON\CONSTRUCTION\210 RALSTON BASEMENT FOUNDATION LAYOUT VERIFY.dwg,Basement,9/30/2008 2:39:58 PM,Dennis Stevens, Architetcural Enterprises, Ltd,\\archent002\HP LaserJet 1200 Series PCL 5,Letter,1:1,
C:\WORKING FOLDER\210 RALSTON\CONSTRUCTION\210 RALSTON BASEMENT FOUNDATION LAYOUT VERIFY.dwg,Basement,10/1/2008 7:42:15 AM,Dennis Stevens, Architetcural Enterprises, Ltd,\\archent002\HP LaserJet 1200 Series PCL 5,Letter,1:1,
C:\WORKING FOLDER\210 RALSTON\CONSTRUCTION\210 RALSTON S CRAWL FOUNDATION LAYOUT VERIFY.dwg,S CRAWL,10/1/2008 7:52:23 AM,Dennis Stevens, Architetcural Enterprises, Ltd,\\archent002\HP LaserJet 1200 Series PCL 5,Letter,1:1,
C:\WORKING FOLDER\210 RALSTON\CONSTRUCTION\210 RALSTON S CRAWL FOUNDATION LAYOUT VERIFY.dwg,S CRAWL,10/1/2008 7:58:33 AM,Dennis Stevens, Architetcural Enterprises, Ltd,\\archent002\HP LaserJet 1200 Series PCL 5,Letter,1:1,
I:\1   ALL MY DRAWINGS\187 OCTAVIA\SH3RFPr8.dwg,Model,10/1/2008 8:02:27 AM,Dennis Stevens, Architetcural Enterprises, Ltd,\\archent002\HP LaserJet 1200 Series PCL 5,Letter,1:33.0293,
C:\WORKING FOLDER\210 RALSTON\MISC\GDPlan2NEW.dwg,Model,10/6/2008 1:38:56 PM,Dennis Stevens, Architetcural Enterprises, Ltd,HP Designjet 110plus nr,Super D/A1,1:20,
C:\WORKING FOLDER\210 RALSTON\CONSTRUCTION\210 RALSTON FOUNDATION LAYOUT EASTWEST.dwg,8.5x11,10/15/2008 3:22:04 PM,Sean Stevens, Architectural Enterprises, Ltd,HP LaserJet 1200 Series PCL 5,Letter,1:1,
C:\WORKING FOLDER\210 RALSTON\CONSTRUCTION\210 RALSTON BEAM LAYOUT.dwg,Foundation Layout,10/29/2008 7:41:46 PM,Sean Stevens, Architectural Enterprises, Ltd,HP Designjet 110plus nr.pc3,Custom 1:  24  x  58 in.,1:1,
C:\WORKING FOLDER\210 RALSTON\CONSTRUCTION\210 RALSTON BEAM LAYOUT.dwg,SSTB16 A,10/30/2008 8:17:15 AM,Sean Stevens, Architectural Enterprises, Ltd,HP LaserJet 1200 Series PCL 5,Letter,1:1,
C:\WORKING FOLDER\210 RALSTON\CONSTRUCTION\210 RALSTON BEAM LAYOUT.dwg,SSTB16 B,10/30/2008 8:23:27 AM,Sean Stevens, Architectural Enterprises, Ltd,HP LaserJet 1200 Series PCL 5,Letter,1:1,
C:\WORKING FOLDER\210 RALSTON\CONSTRUCTION\210 RALSTON BEAM LAYOUT.dwg,SSTB16 C,10/30/2008 8:32:58 AM,Sean Stevens, Architectural Enterprises, Ltd,HP LaserJet 1200 Series PCL 5,Letter,1:1,
C:\WORKING FOLDER\218 LEGACY HSE\PRELIM.dwg,Floorplan ArchD,11/9/2008 4:08:37 PM,Sean Stevens, Architectural Enterprises, Ltd,HP Designjet 110plus nr,Arch D ,1:1,
C:\WORKING FOLDER\210 RALSTON\WORKING\210 RALSTON SH 10 EASTWEST ELEV PLAN.dwg,EastWest Elevation,11/14/2008 1:52:06 PM,Sean Stevens, Architectural Enterprises, Ltd,HP Designjet 110plus nr.pc3,Custom 1:  24  x  58 in.,1:1,
C:\WORKING FOLDER\219 BAYVIEW\PRELIMINARY.dwg,ArchD Main Level,2/2/2009 9:46:40 AM,Sean Stevens, Architectural Enterprises, Ltd,HP Designjet 110plus nr,Arch D ,1:1,
C:\WORKING FOLDER\219 BAYVIEW\PRELIMINARY.dwg,ArchD Main Level,2/2/2009 9:47:45 AM,Sean Stevens, Architectural Enterprises, Ltd,HP Designjet 110plus nr,Arch D ,1:1,
C:\WORKING FOLDER\219 BAYVIEW\PRELIMINARY.dwg,ArchD Main Level,2/2/2009 10:08:20 AM,Sean Stevens, Architectural Enterprises, Ltd,HP Designjet 110plus nr,Arch D ,1:1,
C:\WORKING FOLDER\219 BAYVIEW\PRELIMINARY.dwg,ArchD Lower Level,2/2/2009 10:44:15 AM,Sean Stevens, Architectural Enterprises, Ltd,HP Designjet 110plus nr,Arch D ,1:1,
C:\WORKING FOLDER\219 BAYVIEW\FOUNDATION LAYOUT.dwg,ArchD,2/5/2009 9:40:23 AM,Sean Stevens, Architectural Enterprises, Ltd,HP Designjet 110plus nr,Arch D ,1:1,
C:\WORKING FOLDER\210 RALSTON\CONSTRUCTION\210 RALSTON DRIVEWAY AS-BUILT.dwg,8.5x11,2/9/2009 10:01:08 AM,Sean Stevens, Architectural Enterprises, Ltd,HP LaserJet 1200 Series PCL 5,Letter,1:1,
C:\WORKING FOLDER\210 RALSTON\CONSTRUCTION\210 RALSTON DRIVEWAY AS-BUILT.dwg,8.5x11,2/9/2009 10:08:07 AM,Sean Stevens, Architectural Enterprises, Ltd,HP LaserJet 1200 Series PCL 5,Letter,1:1,
C:\WORKING FOLDER\210 RALSTON\CONSTRUCTION\210 RALSTON DRIVEWAY AS-BUILT.dwg,8.5x11,2/9/2009 10:18:41 AM,Sean Stevens, Architectural Enterprises, Ltd,HP LaserJet 1200 Series PCL 5,Letter,1:1,
C:\WORKING FOLDER\210 RALSTON\CONSTRUCTION\210 RALSTON BEAM LAYOUT.dwg,B2 EAST,2/9/2009 10:48:55 AM,Sean Stevens, Architectural Enterprises, Ltd,HP LaserJet 1200 Series PCL 5,Letter,1:1,
C:\WORKING FOLDER\210 RALSTON\CONSTRUCTION\210 RALSTON BEAM LAYOUT.dwg,B2 EAST,2/9/2009 10:50:24 AM,Sean Stevens, Architectural Enterprises, Ltd,HP LaserJet 1200 Series PCL 5,Letter,1:1,
C:\WORKING FOLDER\210 RALSTON\CONSTRUCTION\210 RALSTON BEAM LAYOUT.dwg,8.5x11,2/10/2009 10:45:39 AM,Sean Stevens, Architectural Enterprises, Ltd,HP LaserJet 1200 Series PCL 5,Letter,1:1,
C:\WORKING FOLDER\210 RALSTON\CONSTRUCTION\210 RALSTON FLOOR FRAMING.dwg,8.5x11,3/13/2009 3:32:08 AM,Sean Stevens, Architectural Enterprises, Ltd,HP LaserJet 1200 Series PCL 5,Letter,1:1,
C:\WORKING FOLDER\210 RALSTON\CONSTRUCTION\210 RALSTON FLOOR FRAMING.dwg,8.5x11,3/13/2009 3:32:45 AM,Sean Stevens, Architectural Enterprises, Ltd,HP Officejet 6300 series,Letter,1:1,
C:\WORKING FOLDER\210 RALSTON\CONSTRUCTION\210 RALSTON FLOOR FRAMING.dwg,8.5x11,3/13/2009 4:25:14 AM,Sean Stevens, Architectural Enterprises, Ltd,HP Officejet 6300 series,Letter,1:1,
C:\WORKING FOLDER\210 RALSTON\CONSTRUCTION\210 RALSTON ROOF FRAMING.dwg,Entry Flat Roof Framing,5/1/2009 8:20:16 AM,Sean Stevens, Architectural Enterprises, Ltd,HP Officejet 6300 series,Letter,1:1,
C:\WORKING FOLDER\210 RALSTON\CONSTRUCTION\210 RALSTON BEAM LAYOUT.dwg,8.5x11,4/20/2012 10:10:57 AM,Sean Stevens, Architectural Enterprises, LTD,Epson Stylus Photo 1280 (M),Letter,1:1,
C:\WORKING FOLDER\210 RALSTON\CONSTRUCTION\210 RALSTON BEAM LAYOUT.dwg,Model,4/20/2012 10:19:19 AM,Sean Stevens, Architectural Enterprises, LTD,Epson Stylus Photo 1280 (M).pc3,Tabloid,1:148.318,
I:\1   ALL MY DRAWINGS\187 OCTAVIA\187 AS-BUILT SH 07 AS-BUILT FLOOR FRAMING PLAN.dwg,Model,4/20/2012 10:22:16 AM,Sean Stevens, Architectural Enterprises, LTD,Epson Stylus Photo 1280 (M),Tabloid,1:103.215,
